;  LST file generated by mikroListExporter - v.2.0 
; Date/Time: 5/28/2022 9:28:31 PM
;----------------------------------------------

;Address Opcode 	ASM
0x0000	0x2CC9      	GOTO       1225
_Delay_1us:
;__Lib_Delays.c,7 :: 		void Delay_1us() {
;__Lib_Delays.c,8 :: 		Delay_us(1);
0x0003	0x0000      	NOP
0x0004	0x0000      	NOP
;__Lib_Delays.c,9 :: 		}
L_end_Delay_1us:
0x0005	0x0008      	RETURN
; end of _Delay_1us
_Delay_5500us:
;__Lib_Delays.c,31 :: 		void Delay_5500us() {
;__Lib_Delays.c,32 :: 		Delay_us(5500);
0x0006	0x300F      	MOVLW      15
0x0007	0x1283      	BCF        STATUS, 5
0x0008	0x1303      	BCF        STATUS, 6
0x0009	0x00FC      	MOVWF      R12
0x000A	0x3047      	MOVLW      71
0x000B	0x00FD      	MOVWF      R13
L_Delay_5500us5:
0x000C	0x0BFD      	DECFSZ     R13, 1
0x000D	0x280C      	GOTO       L_Delay_5500us5
0x000E	0x0BFC      	DECFSZ     R12, 1
0x000F	0x280C      	GOTO       L_Delay_5500us5
0x0010	0x0000      	NOP
0x0011	0x0000      	NOP
;__Lib_Delays.c,33 :: 		}
L_end_Delay_5500us:
0x0012	0x0008      	RETURN
; end of _Delay_5500us
_Delay_50us:
;__Lib_Delays.c,19 :: 		void Delay_50us() {
;__Lib_Delays.c,20 :: 		Delay_us(50);
0x0013	0x3021      	MOVLW      33
0x0014	0x1283      	BCF        STATUS, 5
0x0015	0x1303      	BCF        STATUS, 6
0x0016	0x00FD      	MOVWF      R13
L_Delay_50us2:
0x0017	0x0BFD      	DECFSZ     R13, 1
0x0018	0x2817      	GOTO       L_Delay_50us2
;__Lib_Delays.c,21 :: 		}
L_end_Delay_50us:
0x0019	0x0008      	RETURN
; end of _Delay_50us
_Delay_10us:
;__Lib_Delays.c,11 :: 		void Delay_10us() {
;__Lib_Delays.c,12 :: 		Delay_us(10);
0x001A	0x3006      	MOVLW      6
0x001B	0x1283      	BCF        STATUS, 5
0x001C	0x1303      	BCF        STATUS, 6
0x001D	0x00FD      	MOVWF      R13
L_Delay_10us0:
0x001E	0x0BFD      	DECFSZ     R13, 1
0x001F	0x281E      	GOTO       L_Delay_10us0
0x0020	0x0000      	NOP
;__Lib_Delays.c,13 :: 		}
L_end_Delay_10us:
0x0021	0x0008      	RETURN
; end of _Delay_10us
_Div_32x32_U:
;__Lib_Math.c,1318 :: 		
;__Lib_Math.c,1327 :: 		
;__Lib_Math.c,1329 :: 		
0x0022	0x1283      	BCF        STATUS, 5
;__Lib_Math.c,1330 :: 		
0x0023	0x1303      	BCF        STATUS, 6
;__Lib_Math.c,1331 :: 		
0x0024	0x01FB      	CLRF       R11
;__Lib_Math.c,1332 :: 		
0x0025	0x01FA      	CLRF       R10
;__Lib_Math.c,1333 :: 		
0x0026	0x01F9      	CLRF       R9
;__Lib_Math.c,1334 :: 		
0x0027	0x01F8      	CLRF       R8
;__Lib_Math.c,1336 :: 		
0x0028	0x01A0      	CLRF       ___math_tempb
;__Lib_Math.c,1338 :: 		
0x0029	0x0D73      	RLF        R3, 0
;__Lib_Math.c,1339 :: 		
0x002A	0x0DF8      	RLF        R8, 1
;__Lib_Math.c,1340 :: 		
0x002B	0x0874      	MOVF       R4, 0
;__Lib_Math.c,1341 :: 		
0x002C	0x02F8      	SUBWF      R8, 1
;__Lib_Math.c,1342 :: 		
0x002D	0x0875      	MOVF       R5, 0
;__Lib_Math.c,1343 :: 		
0x002E	0x1C03      	BTFSS      STATUS, 0
;__Lib_Math.c,1344 :: 		
0x002F	0x0F75      	INCFSZ     R5, 0
;__Lib_Math.c,1345 :: 		
0x0030	0x02F9      	SUBWF      R9, 1
;__Lib_Math.c,1346 :: 		
0x0031	0x0876      	MOVF       R6, 0
;__Lib_Math.c,1347 :: 		
0x0032	0x1C03      	BTFSS      STATUS, 0
;__Lib_Math.c,1348 :: 		
0x0033	0x0F76      	INCFSZ     R6, 0
;__Lib_Math.c,1349 :: 		
0x0034	0x02FA      	SUBWF      R10, 1
;__Lib_Math.c,1350 :: 		
0x0035	0x0877      	MOVF       R7, 0
;__Lib_Math.c,1351 :: 		
0x0036	0x1C03      	BTFSS      STATUS, 0
;__Lib_Math.c,1352 :: 		
0x0037	0x0F77      	INCFSZ     R7, 0
;__Lib_Math.c,1353 :: 		
0x0038	0x02FB      	SUBWF      R11, 1
;__Lib_Math.c,1355 :: 		
0x0039	0x0100      	CLRW
;__Lib_Math.c,1356 :: 		
0x003A	0x1C03      	BTFSS      STATUS, 0
;__Lib_Math.c,1357 :: 		
0x003B	0x3001      	MOVLW      1
;__Lib_Math.c,1358 :: 		
0x003C	0x02A0      	SUBWF      ___math_tempb, 1
;__Lib_Math.c,1359 :: 		
0x003D	0x0DF3      	RLF        R3, 1
;__Lib_Math.c,1361 :: 		
0x003E	0x3007      	MOVLW      7
;__Lib_Math.c,1362 :: 		
0x003F	0x00FC      	MOVWF      R12
;__Lib_Math.c,1364 :: 		
LOOPU3232A:
;__Lib_Math.c,1365 :: 		
0x0040	0x0D73      	RLF        R3, 0
;__Lib_Math.c,1366 :: 		
0x0041	0x0DF8      	RLF        R8, 1
;__Lib_Math.c,1367 :: 		
0x0042	0x0DF9      	RLF        R9, 1
;__Lib_Math.c,1368 :: 		
0x0043	0x0DFA      	RLF        R10, 1
;__Lib_Math.c,1369 :: 		
0x0044	0x0DFB      	RLF        R11, 1
;__Lib_Math.c,1370 :: 		
0x0045	0x0DA0      	RLF        ___math_tempb, 1
;__Lib_Math.c,1371 :: 		
0x0046	0x0874      	MOVF       R4, 0
;__Lib_Math.c,1372 :: 		
0x0047	0x1C73      	BTFSS      R3, 0
;__Lib_Math.c,1373 :: 		
0x0048	0x285B      	GOTO       UADD22LA
;__Lib_Math.c,1375 :: 		
0x0049	0x02F8      	SUBWF      R8, 1
;__Lib_Math.c,1376 :: 		
0x004A	0x0875      	MOVF       R5, 0
;__Lib_Math.c,1377 :: 		
0x004B	0x1C03      	BTFSS      STATUS, 0
;__Lib_Math.c,1378 :: 		
0x004C	0x0F75      	INCFSZ     R5, 0
;__Lib_Math.c,1379 :: 		
0x004D	0x02F9      	SUBWF      R9, 1
;__Lib_Math.c,1380 :: 		
0x004E	0x0876      	MOVF       R6, 0
;__Lib_Math.c,1381 :: 		
0x004F	0x1C03      	BTFSS      STATUS, 0
;__Lib_Math.c,1382 :: 		
0x0050	0x0F76      	INCFSZ     R6, 0
;__Lib_Math.c,1383 :: 		
0x0051	0x02FA      	SUBWF      R10, 1
;__Lib_Math.c,1384 :: 		
0x0052	0x0877      	MOVF       R7, 0
;__Lib_Math.c,1385 :: 		
0x0053	0x1C03      	BTFSS      STATUS, 0
;__Lib_Math.c,1386 :: 		
0x0054	0x0F77      	INCFSZ     R7, 0
;__Lib_Math.c,1387 :: 		
0x0055	0x02FB      	SUBWF      R11, 1
;__Lib_Math.c,1388 :: 		
0x0056	0x0100      	CLRW
;__Lib_Math.c,1389 :: 		
0x0057	0x1C03      	BTFSS      STATUS, 0
;__Lib_Math.c,1390 :: 		
0x0058	0x3001      	MOVLW      1
;__Lib_Math.c,1391 :: 		
0x0059	0x02A0      	SUBWF      ___math_tempb, 1
;__Lib_Math.c,1392 :: 		
0x005A	0x286C      	GOTO       UOK22LA
;__Lib_Math.c,1394 :: 		
UADD22LA:
;__Lib_Math.c,1395 :: 		
0x005B	0x07F8      	ADDWF      R8, 1
;__Lib_Math.c,1396 :: 		
0x005C	0x0875      	MOVF       R5, 0
;__Lib_Math.c,1397 :: 		
0x005D	0x1803      	BTFSC      STATUS, 0
;__Lib_Math.c,1398 :: 		
0x005E	0x0F75      	INCFSZ     R5, 0
;__Lib_Math.c,1399 :: 		
0x005F	0x07F9      	ADDWF      R9, 1
;__Lib_Math.c,1400 :: 		
0x0060	0x0876      	MOVF       R6, 0
;__Lib_Math.c,1401 :: 		
0x0061	0x1803      	BTFSC      STATUS, 0
;__Lib_Math.c,1402 :: 		
0x0062	0x0F76      	INCFSZ     R6, 0
;__Lib_Math.c,1403 :: 		
0x0063	0x07FA      	ADDWF      R10, 1
;__Lib_Math.c,1404 :: 		
0x0064	0x0877      	MOVF       R7, 0
;__Lib_Math.c,1405 :: 		
0x0065	0x1803      	BTFSC      STATUS, 0
;__Lib_Math.c,1406 :: 		
0x0066	0x0F77      	INCFSZ     R7, 0
;__Lib_Math.c,1407 :: 		
0x0067	0x07FB      	ADDWF      R11, 1
;__Lib_Math.c,1408 :: 		
0x0068	0x0100      	CLRW
;__Lib_Math.c,1409 :: 		
0x0069	0x1803      	BTFSC      STATUS, 0
;__Lib_Math.c,1410 :: 		
0x006A	0x3001      	MOVLW      1
;__Lib_Math.c,1411 :: 		
0x006B	0x07A0      	ADDWF      ___math_tempb, 1
;__Lib_Math.c,1413 :: 		
UOK22LA:
;__Lib_Math.c,1414 :: 		
0x006C	0x0DF3      	RLF        R3, 1
;__Lib_Math.c,1416 :: 		
0x006D	0x0BFC      	DECFSZ     R12, 1
;__Lib_Math.c,1417 :: 		
0x006E	0x2840      	GOTO       LOOPU3232A
;__Lib_Math.c,1419 :: 		
0x006F	0x0D72      	RLF        R2, 0
;__Lib_Math.c,1420 :: 		
0x0070	0x0DF8      	RLF        R8, 1
;__Lib_Math.c,1421 :: 		
0x0071	0x0DF9      	RLF        R9, 1
;__Lib_Math.c,1422 :: 		
0x0072	0x0DFA      	RLF        R10, 1
;__Lib_Math.c,1423 :: 		
0x0073	0x0DFB      	RLF        R11, 1
;__Lib_Math.c,1424 :: 		
0x0074	0x0DA0      	RLF        ___math_tempb, 1
;__Lib_Math.c,1425 :: 		
0x0075	0x0874      	MOVF       R4, 0
;__Lib_Math.c,1426 :: 		
0x0076	0x1C73      	BTFSS      R3, 0
;__Lib_Math.c,1427 :: 		
0x0077	0x288A      	GOTO       UADD22L8
;__Lib_Math.c,1429 :: 		
0x0078	0x02F8      	SUBWF      R8, 1
;__Lib_Math.c,1430 :: 		
0x0079	0x0875      	MOVF       R5, 0
;__Lib_Math.c,1431 :: 		
0x007A	0x1C03      	BTFSS      STATUS, 0
;__Lib_Math.c,1432 :: 		
0x007B	0x0F75      	INCFSZ     R5, 0
;__Lib_Math.c,1433 :: 		
0x007C	0x02F9      	SUBWF      R9, 1
;__Lib_Math.c,1434 :: 		
0x007D	0x0876      	MOVF       R6, 0
;__Lib_Math.c,1435 :: 		
0x007E	0x1C03      	BTFSS      STATUS, 0
;__Lib_Math.c,1436 :: 		
0x007F	0x0F76      	INCFSZ     R6, 0
;__Lib_Math.c,1437 :: 		
0x0080	0x02FA      	SUBWF      R10, 1
;__Lib_Math.c,1438 :: 		
0x0081	0x0877      	MOVF       R7, 0
;__Lib_Math.c,1439 :: 		
0x0082	0x1C03      	BTFSS      STATUS, 0
;__Lib_Math.c,1440 :: 		
0x0083	0x0F77      	INCFSZ     R7, 0
;__Lib_Math.c,1441 :: 		
0x0084	0x02FB      	SUBWF      R11, 1
;__Lib_Math.c,1442 :: 		
0x0085	0x0100      	CLRW
;__Lib_Math.c,1443 :: 		
0x0086	0x1C03      	BTFSS      STATUS, 0
;__Lib_Math.c,1444 :: 		
0x0087	0x3001      	MOVLW      1
;__Lib_Math.c,1445 :: 		
0x0088	0x02A0      	SUBWF      ___math_tempb, 1
;__Lib_Math.c,1446 :: 		
0x0089	0x289B      	GOTO       UOK22L8
;__Lib_Math.c,1448 :: 		
UADD22L8:
;__Lib_Math.c,1449 :: 		
0x008A	0x07F8      	ADDWF      R8, 1
;__Lib_Math.c,1450 :: 		
0x008B	0x0875      	MOVF       R5, 0
;__Lib_Math.c,1451 :: 		
0x008C	0x1803      	BTFSC      STATUS, 0
;__Lib_Math.c,1452 :: 		
0x008D	0x0F75      	INCFSZ     R5, 0
;__Lib_Math.c,1453 :: 		
0x008E	0x07F9      	ADDWF      R9, 1
;__Lib_Math.c,1454 :: 		
0x008F	0x0876      	MOVF       R6, 0
;__Lib_Math.c,1455 :: 		
0x0090	0x1803      	BTFSC      STATUS, 0
;__Lib_Math.c,1456 :: 		
0x0091	0x0F76      	INCFSZ     R6, 0
;__Lib_Math.c,1457 :: 		
0x0092	0x07FA      	ADDWF      R10, 1
;__Lib_Math.c,1458 :: 		
0x0093	0x0877      	MOVF       R7, 0
;__Lib_Math.c,1459 :: 		
0x0094	0x1803      	BTFSC      STATUS, 0
;__Lib_Math.c,1460 :: 		
0x0095	0x0F77      	INCFSZ     R7, 0
;__Lib_Math.c,1461 :: 		
0x0096	0x07FB      	ADDWF      R11, 1
;__Lib_Math.c,1462 :: 		
0x0097	0x0100      	CLRW
;__Lib_Math.c,1463 :: 		
0x0098	0x1803      	BTFSC      STATUS, 0
;__Lib_Math.c,1464 :: 		
0x0099	0x3001      	MOVLW      1
;__Lib_Math.c,1465 :: 		
0x009A	0x07A0      	ADDWF      ___math_tempb, 1
;__Lib_Math.c,1467 :: 		
UOK22L8:
;__Lib_Math.c,1468 :: 		
0x009B	0x0DF2      	RLF        R2, 1
;__Lib_Math.c,1470 :: 		
0x009C	0x3007      	MOVLW      7
;__Lib_Math.c,1471 :: 		
0x009D	0x00FC      	MOVWF      R12
;__Lib_Math.c,1473 :: 		
LOOPU3232B:
;__Lib_Math.c,1474 :: 		
0x009E	0x0D72      	RLF        R2, 0
;__Lib_Math.c,1475 :: 		
0x009F	0x0DF8      	RLF        R8, 1
;__Lib_Math.c,1476 :: 		
0x00A0	0x0DF9      	RLF        R9, 1
;__Lib_Math.c,1477 :: 		
0x00A1	0x0DFA      	RLF        R10, 1
;__Lib_Math.c,1478 :: 		
0x00A2	0x0DFB      	RLF        R11, 1
;__Lib_Math.c,1479 :: 		
0x00A3	0x0DA0      	RLF        ___math_tempb, 1
;__Lib_Math.c,1480 :: 		
0x00A4	0x0874      	MOVF       R4, 0
;__Lib_Math.c,1481 :: 		
0x00A5	0x1C72      	BTFSS      R2, 0
;__Lib_Math.c,1482 :: 		
0x00A6	0x28B9      	GOTO       UADD22LB
;__Lib_Math.c,1484 :: 		
0x00A7	0x02F8      	SUBWF      R8, 1
;__Lib_Math.c,1485 :: 		
0x00A8	0x0875      	MOVF       R5, 0
;__Lib_Math.c,1486 :: 		
0x00A9	0x1C03      	BTFSS      STATUS, 0
;__Lib_Math.c,1487 :: 		
0x00AA	0x0F75      	INCFSZ     R5, 0
;__Lib_Math.c,1488 :: 		
0x00AB	0x02F9      	SUBWF      R9, 1
;__Lib_Math.c,1489 :: 		
0x00AC	0x0876      	MOVF       R6, 0
;__Lib_Math.c,1490 :: 		
0x00AD	0x1C03      	BTFSS      STATUS, 0
;__Lib_Math.c,1491 :: 		
0x00AE	0x0F76      	INCFSZ     R6, 0
;__Lib_Math.c,1492 :: 		
0x00AF	0x02FA      	SUBWF      R10, 1
;__Lib_Math.c,1493 :: 		
0x00B0	0x0877      	MOVF       R7, 0
;__Lib_Math.c,1494 :: 		
0x00B1	0x1C03      	BTFSS      STATUS, 0
;__Lib_Math.c,1495 :: 		
0x00B2	0x0F77      	INCFSZ     R7, 0
;__Lib_Math.c,1496 :: 		
0x00B3	0x02FB      	SUBWF      R11, 1
;__Lib_Math.c,1497 :: 		
0x00B4	0x0100      	CLRW
;__Lib_Math.c,1498 :: 		
0x00B5	0x1C03      	BTFSS      STATUS, 0
;__Lib_Math.c,1499 :: 		
0x00B6	0x3001      	MOVLW      1
;__Lib_Math.c,1500 :: 		
0x00B7	0x02A0      	SUBWF      ___math_tempb, 1
;__Lib_Math.c,1501 :: 		
0x00B8	0x28CA      	GOTO       UOK22LB
;__Lib_Math.c,1503 :: 		
UADD22LB:
;__Lib_Math.c,1504 :: 		
0x00B9	0x07F8      	ADDWF      R8, 1
;__Lib_Math.c,1505 :: 		
0x00BA	0x0875      	MOVF       R5, 0
;__Lib_Math.c,1506 :: 		
0x00BB	0x1803      	BTFSC      STATUS, 0
;__Lib_Math.c,1507 :: 		
0x00BC	0x0F75      	INCFSZ     R5, 0
;__Lib_Math.c,1508 :: 		
0x00BD	0x07F9      	ADDWF      R9, 1
;__Lib_Math.c,1509 :: 		
0x00BE	0x0876      	MOVF       R6, 0
;__Lib_Math.c,1510 :: 		
0x00BF	0x1803      	BTFSC      STATUS, 0
;__Lib_Math.c,1511 :: 		
0x00C0	0x0F76      	INCFSZ     R6, 0
;__Lib_Math.c,1512 :: 		
0x00C1	0x07FA      	ADDWF      R10, 1
;__Lib_Math.c,1513 :: 		
0x00C2	0x0877      	MOVF       R7, 0
;__Lib_Math.c,1514 :: 		
0x00C3	0x1803      	BTFSC      STATUS, 0
;__Lib_Math.c,1515 :: 		
0x00C4	0x0F77      	INCFSZ     R7, 0
;__Lib_Math.c,1516 :: 		
0x00C5	0x07FB      	ADDWF      R11, 1
;__Lib_Math.c,1517 :: 		
0x00C6	0x0100      	CLRW
;__Lib_Math.c,1518 :: 		
0x00C7	0x1803      	BTFSC      STATUS, 0
;__Lib_Math.c,1519 :: 		
0x00C8	0x3001      	MOVLW      1
;__Lib_Math.c,1520 :: 		
0x00C9	0x07A0      	ADDWF      ___math_tempb, 1
;__Lib_Math.c,1522 :: 		
UOK22LB:
;__Lib_Math.c,1523 :: 		
0x00CA	0x0DF2      	RLF        R2, 1
;__Lib_Math.c,1525 :: 		
0x00CB	0x0BFC      	DECFSZ     R12, 1
;__Lib_Math.c,1526 :: 		
0x00CC	0x289E      	GOTO       LOOPU3232B
;__Lib_Math.c,1528 :: 		
0x00CD	0x0D71      	RLF        R1, 0
;__Lib_Math.c,1529 :: 		
0x00CE	0x0DF8      	RLF        R8, 1
;__Lib_Math.c,1530 :: 		
0x00CF	0x0DF9      	RLF        R9, 1
;__Lib_Math.c,1531 :: 		
0x00D0	0x0DFA      	RLF        R10, 1
;__Lib_Math.c,1532 :: 		
0x00D1	0x0DFB      	RLF        R11, 1
;__Lib_Math.c,1533 :: 		
0x00D2	0x0DA0      	RLF        ___math_tempb, 1
;__Lib_Math.c,1534 :: 		
0x00D3	0x0874      	MOVF       R4, 0
;__Lib_Math.c,1535 :: 		
0x00D4	0x1C72      	BTFSS      R2, 0
;__Lib_Math.c,1536 :: 		
0x00D5	0x28E8      	GOTO       UADD22L16
;__Lib_Math.c,1538 :: 		
0x00D6	0x02F8      	SUBWF      R8, 1
;__Lib_Math.c,1539 :: 		
0x00D7	0x0875      	MOVF       R5, 0
;__Lib_Math.c,1540 :: 		
0x00D8	0x1C03      	BTFSS      STATUS, 0
;__Lib_Math.c,1541 :: 		
0x00D9	0x0F75      	INCFSZ     R5, 0
;__Lib_Math.c,1542 :: 		
0x00DA	0x02F9      	SUBWF      R9, 1
;__Lib_Math.c,1543 :: 		
0x00DB	0x0876      	MOVF       R6, 0
;__Lib_Math.c,1544 :: 		
0x00DC	0x1C03      	BTFSS      STATUS, 0
;__Lib_Math.c,1545 :: 		
0x00DD	0x0F76      	INCFSZ     R6, 0
;__Lib_Math.c,1546 :: 		
0x00DE	0x02FA      	SUBWF      R10, 1
;__Lib_Math.c,1547 :: 		
0x00DF	0x0877      	MOVF       R7, 0
;__Lib_Math.c,1548 :: 		
0x00E0	0x1C03      	BTFSS      STATUS, 0
;__Lib_Math.c,1549 :: 		
0x00E1	0x0F77      	INCFSZ     R7, 0
;__Lib_Math.c,1550 :: 		
0x00E2	0x02FB      	SUBWF      R11, 1
;__Lib_Math.c,1551 :: 		
0x00E3	0x0100      	CLRW
;__Lib_Math.c,1552 :: 		
0x00E4	0x1C03      	BTFSS      STATUS, 0
;__Lib_Math.c,1553 :: 		
0x00E5	0x3001      	MOVLW      1
;__Lib_Math.c,1554 :: 		
0x00E6	0x02A0      	SUBWF      ___math_tempb, 1
;__Lib_Math.c,1555 :: 		
0x00E7	0x28F9      	GOTO       UOK22L16
;__Lib_Math.c,1557 :: 		
UADD22L16:
;__Lib_Math.c,1558 :: 		
0x00E8	0x07F8      	ADDWF      R8, 1
;__Lib_Math.c,1559 :: 		
0x00E9	0x0875      	MOVF       R5, 0
;__Lib_Math.c,1560 :: 		
0x00EA	0x1803      	BTFSC      STATUS, 0
;__Lib_Math.c,1561 :: 		
0x00EB	0x0F75      	INCFSZ     R5, 0
;__Lib_Math.c,1562 :: 		
0x00EC	0x07F9      	ADDWF      R9, 1
;__Lib_Math.c,1563 :: 		
0x00ED	0x0876      	MOVF       R6, 0
;__Lib_Math.c,1564 :: 		
0x00EE	0x1803      	BTFSC      STATUS, 0
;__Lib_Math.c,1565 :: 		
0x00EF	0x0F76      	INCFSZ     R6, 0
;__Lib_Math.c,1566 :: 		
0x00F0	0x07FA      	ADDWF      R10, 1
;__Lib_Math.c,1567 :: 		
0x00F1	0x0877      	MOVF       R7, 0
;__Lib_Math.c,1568 :: 		
0x00F2	0x1803      	BTFSC      STATUS, 0
;__Lib_Math.c,1569 :: 		
0x00F3	0x0F77      	INCFSZ     R7, 0
;__Lib_Math.c,1570 :: 		
0x00F4	0x07FB      	ADDWF      R11, 1
;__Lib_Math.c,1571 :: 		
0x00F5	0x0100      	CLRW
;__Lib_Math.c,1572 :: 		
0x00F6	0x1803      	BTFSC      STATUS, 0
;__Lib_Math.c,1573 :: 		
0x00F7	0x3001      	MOVLW      1
;__Lib_Math.c,1574 :: 		
0x00F8	0x07A0      	ADDWF      ___math_tempb, 1
;__Lib_Math.c,1576 :: 		
UOK22L16:
;__Lib_Math.c,1577 :: 		
0x00F9	0x0DF1      	RLF        R1, 1
;__Lib_Math.c,1579 :: 		
0x00FA	0x3007      	MOVLW      7
;__Lib_Math.c,1580 :: 		
0x00FB	0x00FC      	MOVWF      R12
;__Lib_Math.c,1582 :: 		
LOOPU3232C:
;__Lib_Math.c,1583 :: 		
0x00FC	0x0D71      	RLF        R1, 0
;__Lib_Math.c,1584 :: 		
0x00FD	0x0DF8      	RLF        R8, 1
;__Lib_Math.c,1585 :: 		
0x00FE	0x0DF9      	RLF        R9, 1
;__Lib_Math.c,1586 :: 		
0x00FF	0x0DFA      	RLF        R10, 1
;__Lib_Math.c,1587 :: 		
0x0100	0x0DFB      	RLF        R11, 1
;__Lib_Math.c,1588 :: 		
0x0101	0x0DA0      	RLF        ___math_tempb, 1
;__Lib_Math.c,1589 :: 		
0x0102	0x0874      	MOVF       R4, 0
;__Lib_Math.c,1590 :: 		
0x0103	0x1C71      	BTFSS      R1, 0
;__Lib_Math.c,1591 :: 		
0x0104	0x2917      	GOTO       UADD22LC
;__Lib_Math.c,1593 :: 		
0x0105	0x02F8      	SUBWF      R8, 1
;__Lib_Math.c,1594 :: 		
0x0106	0x0875      	MOVF       R5, 0
;__Lib_Math.c,1595 :: 		
0x0107	0x1C03      	BTFSS      STATUS, 0
;__Lib_Math.c,1596 :: 		
0x0108	0x0F75      	INCFSZ     R5, 0
;__Lib_Math.c,1597 :: 		
0x0109	0x02F9      	SUBWF      R9, 1
;__Lib_Math.c,1598 :: 		
0x010A	0x0876      	MOVF       R6, 0
;__Lib_Math.c,1599 :: 		
0x010B	0x1C03      	BTFSS      STATUS, 0
;__Lib_Math.c,1600 :: 		
0x010C	0x0F76      	INCFSZ     R6, 0
;__Lib_Math.c,1601 :: 		
0x010D	0x02FA      	SUBWF      R10, 1
;__Lib_Math.c,1602 :: 		
0x010E	0x0877      	MOVF       R7, 0
;__Lib_Math.c,1603 :: 		
0x010F	0x1C03      	BTFSS      STATUS, 0
;__Lib_Math.c,1604 :: 		
0x0110	0x0F77      	INCFSZ     R7, 0
;__Lib_Math.c,1605 :: 		
0x0111	0x02FB      	SUBWF      R11, 1
;__Lib_Math.c,1606 :: 		
0x0112	0x0100      	CLRW
;__Lib_Math.c,1607 :: 		
0x0113	0x1C03      	BTFSS      STATUS, 0
;__Lib_Math.c,1608 :: 		
0x0114	0x3001      	MOVLW      1
;__Lib_Math.c,1609 :: 		
0x0115	0x02A0      	SUBWF      ___math_tempb, 1
;__Lib_Math.c,1610 :: 		
0x0116	0x2928      	GOTO       UOK22LC
;__Lib_Math.c,1612 :: 		
UADD22LC:
;__Lib_Math.c,1613 :: 		
0x0117	0x07F8      	ADDWF      R8, 1
;__Lib_Math.c,1614 :: 		
0x0118	0x0875      	MOVF       R5, 0
;__Lib_Math.c,1615 :: 		
0x0119	0x1803      	BTFSC      STATUS, 0
;__Lib_Math.c,1616 :: 		
0x011A	0x0F75      	INCFSZ     R5, 0
;__Lib_Math.c,1617 :: 		
0x011B	0x07F9      	ADDWF      R9, 1
;__Lib_Math.c,1618 :: 		
0x011C	0x0876      	MOVF       R6, 0
;__Lib_Math.c,1619 :: 		
0x011D	0x1803      	BTFSC      STATUS, 0
;__Lib_Math.c,1620 :: 		
0x011E	0x0F76      	INCFSZ     R6, 0
;__Lib_Math.c,1621 :: 		
0x011F	0x07FA      	ADDWF      R10, 1
;__Lib_Math.c,1622 :: 		
0x0120	0x0877      	MOVF       R7, 0
;__Lib_Math.c,1623 :: 		
0x0121	0x1803      	BTFSC      STATUS, 0
;__Lib_Math.c,1624 :: 		
0x0122	0x0F77      	INCFSZ     R7, 0
;__Lib_Math.c,1625 :: 		
0x0123	0x07FB      	ADDWF      R11, 1
;__Lib_Math.c,1626 :: 		
0x0124	0x0100      	CLRW
;__Lib_Math.c,1627 :: 		
0x0125	0x1803      	BTFSC      STATUS, 0
;__Lib_Math.c,1628 :: 		
0x0126	0x3001      	MOVLW      1
;__Lib_Math.c,1629 :: 		
0x0127	0x07A0      	ADDWF      ___math_tempb, 1
;__Lib_Math.c,1631 :: 		
UOK22LC:
;__Lib_Math.c,1632 :: 		
0x0128	0x0DF1      	RLF        R1, 1
;__Lib_Math.c,1634 :: 		
0x0129	0x0BFC      	DECFSZ     R12, 1
;__Lib_Math.c,1635 :: 		
0x012A	0x28FC      	GOTO       LOOPU3232C
;__Lib_Math.c,1637 :: 		
0x012B	0x0D70      	RLF        R0, 0
;__Lib_Math.c,1638 :: 		
0x012C	0x0DF8      	RLF        R8, 1
;__Lib_Math.c,1639 :: 		
0x012D	0x0DF9      	RLF        R9, 1
;__Lib_Math.c,1640 :: 		
0x012E	0x0DFA      	RLF        R10, 1
;__Lib_Math.c,1641 :: 		
0x012F	0x0DFB      	RLF        R11, 1
;__Lib_Math.c,1642 :: 		
0x0130	0x0DA0      	RLF        ___math_tempb, 1
;__Lib_Math.c,1643 :: 		
0x0131	0x0874      	MOVF       R4, 0
;__Lib_Math.c,1644 :: 		
0x0132	0x1C71      	BTFSS      R1, 0
;__Lib_Math.c,1645 :: 		
0x0133	0x2946      	GOTO       UADD22L24
;__Lib_Math.c,1647 :: 		
0x0134	0x02F8      	SUBWF      R8, 1
;__Lib_Math.c,1648 :: 		
0x0135	0x0875      	MOVF       R5, 0
;__Lib_Math.c,1649 :: 		
0x0136	0x1C03      	BTFSS      STATUS, 0
;__Lib_Math.c,1650 :: 		
0x0137	0x0F75      	INCFSZ     R5, 0
;__Lib_Math.c,1651 :: 		
0x0138	0x02F9      	SUBWF      R9, 1
;__Lib_Math.c,1652 :: 		
0x0139	0x0876      	MOVF       R6, 0
;__Lib_Math.c,1653 :: 		
0x013A	0x1C03      	BTFSS      STATUS, 0
;__Lib_Math.c,1654 :: 		
0x013B	0x0F76      	INCFSZ     R6, 0
;__Lib_Math.c,1655 :: 		
0x013C	0x02FA      	SUBWF      R10, 1
;__Lib_Math.c,1656 :: 		
0x013D	0x0877      	MOVF       R7, 0
;__Lib_Math.c,1657 :: 		
0x013E	0x1C03      	BTFSS      STATUS, 0
;__Lib_Math.c,1658 :: 		
0x013F	0x0F77      	INCFSZ     R7, 0
;__Lib_Math.c,1659 :: 		
0x0140	0x02FB      	SUBWF      R11, 1
;__Lib_Math.c,1660 :: 		
0x0141	0x0100      	CLRW
;__Lib_Math.c,1661 :: 		
0x0142	0x1C03      	BTFSS      STATUS, 0
;__Lib_Math.c,1662 :: 		
0x0143	0x3001      	MOVLW      1
;__Lib_Math.c,1663 :: 		
0x0144	0x02A0      	SUBWF      ___math_tempb, 1
;__Lib_Math.c,1664 :: 		
0x0145	0x2957      	GOTO       UOK22L24
;__Lib_Math.c,1666 :: 		
UADD22L24:
;__Lib_Math.c,1667 :: 		
0x0146	0x07F8      	ADDWF      R8, 1
;__Lib_Math.c,1668 :: 		
0x0147	0x0875      	MOVF       R5, 0
;__Lib_Math.c,1669 :: 		
0x0148	0x1803      	BTFSC      STATUS, 0
;__Lib_Math.c,1670 :: 		
0x0149	0x0F75      	INCFSZ     R5, 0
;__Lib_Math.c,1671 :: 		
0x014A	0x07F9      	ADDWF      R9, 1
;__Lib_Math.c,1672 :: 		
0x014B	0x0876      	MOVF       R6, 0
;__Lib_Math.c,1673 :: 		
0x014C	0x1803      	BTFSC      STATUS, 0
;__Lib_Math.c,1674 :: 		
0x014D	0x0F76      	INCFSZ     R6, 0
;__Lib_Math.c,1675 :: 		
0x014E	0x07FA      	ADDWF      R10, 1
;__Lib_Math.c,1676 :: 		
0x014F	0x0877      	MOVF       R7, 0
;__Lib_Math.c,1677 :: 		
0x0150	0x1803      	BTFSC      STATUS, 0
;__Lib_Math.c,1678 :: 		
0x0151	0x0F77      	INCFSZ     R7, 0
;__Lib_Math.c,1679 :: 		
0x0152	0x07FB      	ADDWF      R11, 1
;__Lib_Math.c,1680 :: 		
0x0153	0x0100      	CLRW
;__Lib_Math.c,1681 :: 		
0x0154	0x1803      	BTFSC      STATUS, 0
;__Lib_Math.c,1682 :: 		
0x0155	0x3001      	MOVLW      1
;__Lib_Math.c,1683 :: 		
0x0156	0x07A0      	ADDWF      ___math_tempb, 1
;__Lib_Math.c,1685 :: 		
UOK22L24:
;__Lib_Math.c,1686 :: 		
0x0157	0x0DF0      	RLF        R0, 1
;__Lib_Math.c,1688 :: 		
0x0158	0x3007      	MOVLW      7
;__Lib_Math.c,1689 :: 		
0x0159	0x00FC      	MOVWF      R12
;__Lib_Math.c,1691 :: 		
LOOPU3232D:
;__Lib_Math.c,1692 :: 		
0x015A	0x0D70      	RLF        R0, 0
;__Lib_Math.c,1693 :: 		
0x015B	0x0DF8      	RLF        R8, 1
;__Lib_Math.c,1694 :: 		
0x015C	0x0DF9      	RLF        R9, 1
;__Lib_Math.c,1695 :: 		
0x015D	0x0DFA      	RLF        R10, 1
;__Lib_Math.c,1696 :: 		
0x015E	0x0DFB      	RLF        R11, 1
;__Lib_Math.c,1697 :: 		
0x015F	0x0DA0      	RLF        ___math_tempb, 1
;__Lib_Math.c,1698 :: 		
0x0160	0x0874      	MOVF       R4, 0
;__Lib_Math.c,1699 :: 		
0x0161	0x1C70      	BTFSS      R0, 0
;__Lib_Math.c,1700 :: 		
0x0162	0x2975      	GOTO       UADD22LD
;__Lib_Math.c,1702 :: 		
0x0163	0x02F8      	SUBWF      R8, 1
;__Lib_Math.c,1703 :: 		
0x0164	0x0875      	MOVF       R5, 0
;__Lib_Math.c,1704 :: 		
0x0165	0x1C03      	BTFSS      STATUS, 0
;__Lib_Math.c,1705 :: 		
0x0166	0x0F75      	INCFSZ     R5, 0
;__Lib_Math.c,1706 :: 		
0x0167	0x02F9      	SUBWF      R9, 1
;__Lib_Math.c,1707 :: 		
0x0168	0x0876      	MOVF       R6, 0
;__Lib_Math.c,1708 :: 		
0x0169	0x1C03      	BTFSS      STATUS, 0
;__Lib_Math.c,1709 :: 		
0x016A	0x0F76      	INCFSZ     R6, 0
;__Lib_Math.c,1710 :: 		
0x016B	0x02FA      	SUBWF      R10, 1
;__Lib_Math.c,1711 :: 		
0x016C	0x0877      	MOVF       R7, 0
;__Lib_Math.c,1712 :: 		
0x016D	0x1C03      	BTFSS      STATUS, 0
;__Lib_Math.c,1713 :: 		
0x016E	0x0F77      	INCFSZ     R7, 0
;__Lib_Math.c,1714 :: 		
0x016F	0x02FB      	SUBWF      R11, 1
;__Lib_Math.c,1715 :: 		
0x0170	0x0100      	CLRW
;__Lib_Math.c,1716 :: 		
0x0171	0x1C03      	BTFSS      STATUS, 0
;__Lib_Math.c,1717 :: 		
0x0172	0x3001      	MOVLW      1
;__Lib_Math.c,1718 :: 		
0x0173	0x02A0      	SUBWF      ___math_tempb, 1
;__Lib_Math.c,1719 :: 		
0x0174	0x2986      	GOTO       UOK22LD
;__Lib_Math.c,1721 :: 		
UADD22LD:
;__Lib_Math.c,1722 :: 		
0x0175	0x07F8      	ADDWF      R8, 1
;__Lib_Math.c,1723 :: 		
0x0176	0x0875      	MOVF       R5, 0
;__Lib_Math.c,1724 :: 		
0x0177	0x1803      	BTFSC      STATUS, 0
;__Lib_Math.c,1725 :: 		
0x0178	0x0F75      	INCFSZ     R5, 0
;__Lib_Math.c,1726 :: 		
0x0179	0x07F9      	ADDWF      R9, 1
;__Lib_Math.c,1727 :: 		
0x017A	0x0876      	MOVF       R6, 0
;__Lib_Math.c,1728 :: 		
0x017B	0x1803      	BTFSC      STATUS, 0
;__Lib_Math.c,1729 :: 		
0x017C	0x0F76      	INCFSZ     R6, 0
;__Lib_Math.c,1730 :: 		
0x017D	0x07FA      	ADDWF      R10, 1
;__Lib_Math.c,1731 :: 		
0x017E	0x0877      	MOVF       R7, 0
;__Lib_Math.c,1732 :: 		
0x017F	0x1803      	BTFSC      STATUS, 0
;__Lib_Math.c,1733 :: 		
0x0180	0x0F77      	INCFSZ     R7, 0
;__Lib_Math.c,1734 :: 		
0x0181	0x07FB      	ADDWF      R11, 1
;__Lib_Math.c,1735 :: 		
0x0182	0x0100      	CLRW
;__Lib_Math.c,1736 :: 		
0x0183	0x1803      	BTFSC      STATUS, 0
;__Lib_Math.c,1737 :: 		
0x0184	0x3001      	MOVLW      1
;__Lib_Math.c,1738 :: 		
0x0185	0x07A0      	ADDWF      ___math_tempb, 1
;__Lib_Math.c,1740 :: 		
UOK22LD:
;__Lib_Math.c,1741 :: 		
0x0186	0x0DF0      	RLF        R0, 1
;__Lib_Math.c,1743 :: 		
0x0187	0x0BFC      	DECFSZ     R12, 1
;__Lib_Math.c,1744 :: 		
0x0188	0x295A      	GOTO       LOOPU3232D
;__Lib_Math.c,1746 :: 		
0x0189	0x1870      	BTFSC      R0, 0
;__Lib_Math.c,1747 :: 		
0x018A	0x2999      	GOTO       UOK22L
;__Lib_Math.c,1748 :: 		
0x018B	0x0874      	MOVF       R4, 0
;__Lib_Math.c,1749 :: 		
0x018C	0x07F8      	ADDWF      R8, 1
;__Lib_Math.c,1750 :: 		
0x018D	0x0875      	MOVF       R5, 0
;__Lib_Math.c,1751 :: 		
0x018E	0x1803      	BTFSC      STATUS, 0
;__Lib_Math.c,1752 :: 		
0x018F	0x0F75      	INCFSZ     R5, 0
;__Lib_Math.c,1753 :: 		
0x0190	0x07F9      	ADDWF      R9, 1
;__Lib_Math.c,1754 :: 		
0x0191	0x0876      	MOVF       R6, 0
;__Lib_Math.c,1755 :: 		
0x0192	0x1803      	BTFSC      STATUS, 0
;__Lib_Math.c,1756 :: 		
0x0193	0x0F76      	INCFSZ     R6, 0
;__Lib_Math.c,1757 :: 		
0x0194	0x07FA      	ADDWF      R10, 1
;__Lib_Math.c,1758 :: 		
0x0195	0x0877      	MOVF       R7, 0
;__Lib_Math.c,1759 :: 		
0x0196	0x1803      	BTFSC      STATUS, 0
;__Lib_Math.c,1760 :: 		
0x0197	0x0F77      	INCFSZ     R7, 0
;__Lib_Math.c,1761 :: 		
0x0198	0x07FB      	ADDWF      R11, 1
;__Lib_Math.c,1763 :: 		
UOK22L:
;__Lib_Math.c,1766 :: 		
L_end_Div_32x32_U:
0x0199	0x0008      	RETURN
; end of _Div_32x32_U
_Keypad_Key_Press:
;__Lib_Keypad4x4.c,39 :: 		
;__Lib_Keypad4x4.c,43 :: 		
0x019A	0x1683      	BSF        STATUS, 5
0x019B	0x1303      	BCF        STATUS, 6
0x019C	0x01A8      	CLRF       Keypad_Key_Press_rslt_L0
;__Lib_Keypad4x4.c,44 :: 		
0x019D	0x01AA      	CLRF       Keypad_Key_Press_loc_L0
;__Lib_Keypad4x4.c,45 :: 		
0x019E	0x01AB      	CLRF       Keypad_Key_Press_rowcnt_L0
;__Lib_Keypad4x4.c,46 :: 		
0x019F	0x3010      	MOVLW      16
0x01A0	0x00AC      	MOVWF      Keypad_Key_Press_shifter_L0
;__Lib_Keypad4x4.c,48 :: 		
L_Keypad_Key_Press0:
0x01A1	0x3004      	MOVLW      4
0x01A2	0x022B      	SUBWF      Keypad_Key_Press_rowcnt_L0, 0
0x01A3	0x1803      	BTFSC      STATUS, 0
0x01A4	0x29CF      	GOTO       L_Keypad_Key_Press1
;__Lib_Keypad4x4.c,50 :: 		
0x01A5	0x30F0      	MOVLW      240
0x01A6	0x1283      	BCF        STATUS, 5
0x01A7	0x0088      	MOVWF      keypadPort
;__Lib_Keypad4x4.c,51 :: 		
0x01A8	0x3080      	MOVLW      128
0x01A9	0x00F0      	MOVWF      R0
0x01AA	0x0870      	MOVF       R0, 0
0x01AB	0x3E08      	ADDLW      keypadPort
0x01AC	0x0084      	MOVWF      FSR
0x01AD	0x1683      	BSF        STATUS, 5
0x01AE	0x092C      	COMF       Keypad_Key_Press_shifter_L0, 0
0x01AF	0x00F0      	MOVWF      R0
0x01B0	0x0870      	MOVF       R0, 0
0x01B1	0x0080      	MOVWF      INDF
;__Lib_Keypad4x4.c,55 :: 		
0x01B2	0x2003      	CALL       _Delay_1us
;__Lib_Keypad4x4.c,56 :: 		
0x01B3	0x2003      	CALL       _Delay_1us
;__Lib_Keypad4x4.c,57 :: 		
0x01B4	0x300F      	MOVLW      15
0x01B5	0x1283      	BCF        STATUS, 5
0x01B6	0x0508      	ANDWF      keypadPort, 0
0x01B7	0x00F0      	MOVWF      R0
0x01B8	0x0870      	MOVF       R0, 0
0x01B9	0x1683      	BSF        STATUS, 5
0x01BA	0x00A9      	MOVWF      Keypad_Key_Press_kdata_L0
;__Lib_Keypad4x4.c,58 :: 		
0x01BB	0x0870      	MOVF       R0, 0
0x01BC	0x1903      	BTFSC      STATUS, 2
0x01BD	0x29C9      	GOTO       L_Keypad_Key_Press2
;__Lib_Keypad4x4.c,60 :: 		
0x01BE	0x082A      	MOVF       Keypad_Key_Press_loc_L0, 0
0x01BF	0x00A8      	MOVWF      Keypad_Key_Press_rslt_L0
;__Lib_Keypad4x4.c,61 :: 		
L_Keypad_Key_Press3:
0x01C0	0x0829      	MOVF       Keypad_Key_Press_kdata_L0, 0
0x01C1	0x1903      	BTFSC      STATUS, 2
0x01C2	0x29C7      	GOTO       L_Keypad_Key_Press4
;__Lib_Keypad4x4.c,62 :: 		
0x01C3	0x0CA9      	RRF        Keypad_Key_Press_kdata_L0, 1
0x01C4	0x13A9      	BCF        Keypad_Key_Press_kdata_L0, 7
;__Lib_Keypad4x4.c,63 :: 		
0x01C5	0x0AA8      	INCF       Keypad_Key_Press_rslt_L0, 1
;__Lib_Keypad4x4.c,64 :: 		
0x01C6	0x29C0      	GOTO       L_Keypad_Key_Press3
L_Keypad_Key_Press4:
;__Lib_Keypad4x4.c,66 :: 		
0x01C7	0x3004      	MOVLW      4
0x01C8	0x00AB      	MOVWF      Keypad_Key_Press_rowcnt_L0
;__Lib_Keypad4x4.c,67 :: 		
L_Keypad_Key_Press2:
;__Lib_Keypad4x4.c,68 :: 		
0x01C9	0x0DAC      	RLF        Keypad_Key_Press_shifter_L0, 1
0x01CA	0x102C      	BCF        Keypad_Key_Press_shifter_L0, 0
;__Lib_Keypad4x4.c,69 :: 		
0x01CB	0x3004      	MOVLW      4
0x01CC	0x07AA      	ADDWF      Keypad_Key_Press_loc_L0, 1
;__Lib_Keypad4x4.c,70 :: 		
0x01CD	0x0AAB      	INCF       Keypad_Key_Press_rowcnt_L0, 1
;__Lib_Keypad4x4.c,71 :: 		
0x01CE	0x29A1      	GOTO       L_Keypad_Key_Press0
L_Keypad_Key_Press1:
;__Lib_Keypad4x4.c,73 :: 		
0x01CF	0x0828      	MOVF       Keypad_Key_Press_rslt_L0, 0
0x01D0	0x00F0      	MOVWF      R0
;__Lib_Keypad4x4.c,74 :: 		
L_end_Keypad_Key_Press:
0x01D1	0x0008      	RETURN
; end of _Keypad_Key_Press
_Lcd_Cmd:
;__Lib_Lcd.c,18 :: 		
;__Lib_Lcd.c,20 :: 		
0x01D2	0x1683      	BSF        STATUS, 5
0x01D3	0x1303      	BCF        STATUS, 6
0x01D4	0x1BA8      	BTFSC      FARG_Lcd_Cmd_out_char, 7
0x01D5	0x29D9      	GOTO       L__Lcd_Cmd21
0x01D6	0x1283      	BCF        STATUS, 5
0x01D7	0x1286      	BCF        LCD_D7, BitPos(LCD_D7+0)
0x01D8	0x29DB      	GOTO       L__Lcd_Cmd22
L__Lcd_Cmd21:
0x01D9	0x1283      	BCF        STATUS, 5
0x01DA	0x1686      	BSF        LCD_D7, BitPos(LCD_D7+0)
L__Lcd_Cmd22:
;__Lib_Lcd.c,21 :: 		
0x01DB	0x1683      	BSF        STATUS, 5
0x01DC	0x1B28      	BTFSC      FARG_Lcd_Cmd_out_char, 6
0x01DD	0x29E1      	GOTO       L__Lcd_Cmd23
0x01DE	0x1283      	BCF        STATUS, 5
0x01DF	0x1206      	BCF        LCD_D6, BitPos(LCD_D6+0)
0x01E0	0x29E3      	GOTO       L__Lcd_Cmd24
L__Lcd_Cmd23:
0x01E1	0x1283      	BCF        STATUS, 5
0x01E2	0x1606      	BSF        LCD_D6, BitPos(LCD_D6+0)
L__Lcd_Cmd24:
;__Lib_Lcd.c,22 :: 		
0x01E3	0x1683      	BSF        STATUS, 5
0x01E4	0x1AA8      	BTFSC      FARG_Lcd_Cmd_out_char, 5
0x01E5	0x29E9      	GOTO       L__Lcd_Cmd25
0x01E6	0x1283      	BCF        STATUS, 5
0x01E7	0x1186      	BCF        LCD_D5, BitPos(LCD_D5+0)
0x01E8	0x29EB      	GOTO       L__Lcd_Cmd26
L__Lcd_Cmd25:
0x01E9	0x1283      	BCF        STATUS, 5
0x01EA	0x1586      	BSF        LCD_D5, BitPos(LCD_D5+0)
L__Lcd_Cmd26:
;__Lib_Lcd.c,23 :: 		
0x01EB	0x1683      	BSF        STATUS, 5
0x01EC	0x1A28      	BTFSC      FARG_Lcd_Cmd_out_char, 4
0x01ED	0x29F1      	GOTO       L__Lcd_Cmd27
0x01EE	0x1283      	BCF        STATUS, 5
0x01EF	0x1106      	BCF        LCD_D4, BitPos(LCD_D4+0)
0x01F0	0x29F3      	GOTO       L__Lcd_Cmd28
L__Lcd_Cmd27:
0x01F1	0x1283      	BCF        STATUS, 5
0x01F2	0x1506      	BSF        LCD_D4, BitPos(LCD_D4+0)
L__Lcd_Cmd28:
;__Lib_Lcd.c,25 :: 		
0x01F3	0x1851      	BTFSC      __Lib_Lcd_cmd_status, BitPos(__Lib_Lcd_cmd_status+0)
0x01F4	0x29F7      	GOTO       L__Lcd_Cmd29
0x01F5	0x1406      	BSF        LCD_RS, BitPos(LCD_RS+0)
0x01F6	0x29F8      	GOTO       L__Lcd_Cmd30
L__Lcd_Cmd29:
0x01F7	0x1006      	BCF        LCD_RS, BitPos(LCD_RS+0)
L__Lcd_Cmd30:
;__Lib_Lcd.c,28 :: 		
0x01F8	0x1486      	BSF        LCD_EN, BitPos(LCD_EN+0)
;__Lib_Lcd.c,29 :: 		
0x01F9	0x2003      	CALL       _Delay_1us
;__Lib_Lcd.c,30 :: 		
0x01FA	0x1086      	BCF        LCD_EN, BitPos(LCD_EN+0)
;__Lib_Lcd.c,33 :: 		
0x01FB	0x1683      	BSF        STATUS, 5
0x01FC	0x19A8      	BTFSC      FARG_Lcd_Cmd_out_char, 3
0x01FD	0x2A01      	GOTO       L__Lcd_Cmd31
0x01FE	0x1283      	BCF        STATUS, 5
0x01FF	0x1286      	BCF        LCD_D7, BitPos(LCD_D7+0)
0x0200	0x2A03      	GOTO       L__Lcd_Cmd32
L__Lcd_Cmd31:
0x0201	0x1283      	BCF        STATUS, 5
0x0202	0x1686      	BSF        LCD_D7, BitPos(LCD_D7+0)
L__Lcd_Cmd32:
;__Lib_Lcd.c,34 :: 		
0x0203	0x1683      	BSF        STATUS, 5
0x0204	0x1928      	BTFSC      FARG_Lcd_Cmd_out_char, 2
0x0205	0x2A09      	GOTO       L__Lcd_Cmd33
0x0206	0x1283      	BCF        STATUS, 5
0x0207	0x1206      	BCF        LCD_D6, BitPos(LCD_D6+0)
0x0208	0x2A0B      	GOTO       L__Lcd_Cmd34
L__Lcd_Cmd33:
0x0209	0x1283      	BCF        STATUS, 5
0x020A	0x1606      	BSF        LCD_D6, BitPos(LCD_D6+0)
L__Lcd_Cmd34:
;__Lib_Lcd.c,35 :: 		
0x020B	0x1683      	BSF        STATUS, 5
0x020C	0x18A8      	BTFSC      FARG_Lcd_Cmd_out_char, 1
0x020D	0x2A11      	GOTO       L__Lcd_Cmd35
0x020E	0x1283      	BCF        STATUS, 5
0x020F	0x1186      	BCF        LCD_D5, BitPos(LCD_D5+0)
0x0210	0x2A13      	GOTO       L__Lcd_Cmd36
L__Lcd_Cmd35:
0x0211	0x1283      	BCF        STATUS, 5
0x0212	0x1586      	BSF        LCD_D5, BitPos(LCD_D5+0)
L__Lcd_Cmd36:
;__Lib_Lcd.c,36 :: 		
0x0213	0x1683      	BSF        STATUS, 5
0x0214	0x1828      	BTFSC      FARG_Lcd_Cmd_out_char, 0
0x0215	0x2A19      	GOTO       L__Lcd_Cmd37
0x0216	0x1283      	BCF        STATUS, 5
0x0217	0x1106      	BCF        LCD_D4, BitPos(LCD_D4+0)
0x0218	0x2A1B      	GOTO       L__Lcd_Cmd38
L__Lcd_Cmd37:
0x0219	0x1283      	BCF        STATUS, 5
0x021A	0x1506      	BSF        LCD_D4, BitPos(LCD_D4+0)
L__Lcd_Cmd38:
;__Lib_Lcd.c,38 :: 		
0x021B	0x1851      	BTFSC      __Lib_Lcd_cmd_status, BitPos(__Lib_Lcd_cmd_status+0)
0x021C	0x2A1F      	GOTO       L__Lcd_Cmd39
0x021D	0x1406      	BSF        LCD_RS, BitPos(LCD_RS+0)
0x021E	0x2A20      	GOTO       L__Lcd_Cmd40
L__Lcd_Cmd39:
0x021F	0x1006      	BCF        LCD_RS, BitPos(LCD_RS+0)
L__Lcd_Cmd40:
;__Lib_Lcd.c,40 :: 		
0x0220	0x1486      	BSF        LCD_EN, BitPos(LCD_EN+0)
;__Lib_Lcd.c,41 :: 		
0x0221	0x2003      	CALL       _Delay_1us
;__Lib_Lcd.c,42 :: 		
0x0222	0x1086      	BCF        LCD_EN, BitPos(LCD_EN+0)
;__Lib_Lcd.c,44 :: 		
0x0223	0x1C51      	BTFSS      __Lib_Lcd_cmd_status, BitPos(__Lib_Lcd_cmd_status+0)
0x0224	0x2A27      	GOTO       L_Lcd_Cmd0
;__Lib_Lcd.c,45 :: 		
0x0225	0x2006      	CALL       _Delay_5500us
0x0226	0x2A28      	GOTO       L_Lcd_Cmd1
L_Lcd_Cmd0:
;__Lib_Lcd.c,47 :: 		
0x0227	0x2013      	CALL       _Delay_50us
L_Lcd_Cmd1:
;__Lib_Lcd.c,48 :: 		
L_end_Lcd_Cmd:
0x0228	0x0008      	RETURN
; end of _Lcd_Cmd
_____DoICP:
;__Lib_System.c,6 :: 		
;__Lib_System.c,9 :: 		
0x0229	0x1283      	BCF        STATUS, 5
0x022A	0x1303      	BCF        STATUS, 6
0x022B	0x0842      	MOVF       ___DoICPAddr+1, 0
0x022C	0x008A      	MOVWF      PCLATH
;__Lib_System.c,10 :: 		
0x022D	0x0841      	MOVF       ___DoICPAddr, 0
0x022E	0x0082      	MOVWF      PCL
;__Lib_System.c,12 :: 		
L_end_____DoICP:
0x022F	0x0008      	RETURN
; end of _____DoICP
_Lcd_Chr_CP:
;__Lib_Lcd.c,50 :: 		
;__Lib_Lcd.c,52 :: 		
0x0230	0x1283      	BCF        STATUS, 5
0x0231	0x1303      	BCF        STATUS, 6
0x0232	0x1051      	BCF        __Lib_Lcd_cmd_status, BitPos(__Lib_Lcd_cmd_status+0)
;__Lib_Lcd.c,53 :: 		
0x0233	0x1683      	BSF        STATUS, 5
0x0234	0x0820      	MOVF       FARG_Lcd_Chr_CP_out_char, 0
0x0235	0x00A8      	MOVWF      FARG_Lcd_Cmd_out_char
0x0236	0x21D2      	CALL       _Lcd_Cmd
;__Lib_Lcd.c,54 :: 		
0x0237	0x1451      	BSF        __Lib_Lcd_cmd_status, BitPos(__Lib_Lcd_cmd_status+0)
;__Lib_Lcd.c,55 :: 		
L_end_Lcd_Chr_CP:
0x0238	0x0008      	RETURN
; end of _Lcd_Chr_CP
_LongWordToStr:
;__Lib_Conversions.c,258 :: 		
;__Lib_Conversions.c,261 :: 		
0x0239	0x1683      	BSF        STATUS, 5
0x023A	0x1303      	BCF        STATUS, 6
0x023B	0x01A5      	CLRF       LongWordToStr_len_L0
0x023C	0x01A6      	CLRF       LongWordToStr_len_L0+1
L_LongWordToStr52:
0x023D	0x3000      	MOVLW      0
0x023E	0x0226      	SUBWF      LongWordToStr_len_L0+1, 0
0x023F	0x1D03      	BTFSS      STATUS, 2
0x0240	0x2A43      	GOTO       L__LongWordToStr394
0x0241	0x300A      	MOVLW      10
0x0242	0x0225      	SUBWF      LongWordToStr_len_L0, 0
L__LongWordToStr394:
0x0243	0x1803      	BTFSC      STATUS, 0
0x0244	0x2A4E      	GOTO       L_LongWordToStr53
;__Lib_Conversions.c,262 :: 		
0x0245	0x0825      	MOVF       LongWordToStr_len_L0, 0
0x0246	0x0724      	ADDWF      FARG_LongWordToStr_output, 0
0x0247	0x0084      	MOVWF      FSR
0x0248	0x3020      	MOVLW      32
0x0249	0x0080      	MOVWF      INDF
;__Lib_Conversions.c,261 :: 		
0x024A	0x0AA5      	INCF       LongWordToStr_len_L0, 1
0x024B	0x1903      	BTFSC      STATUS, 2
0x024C	0x0AA6      	INCF       LongWordToStr_len_L0+1, 1
;__Lib_Conversions.c,262 :: 		
0x024D	0x2A3D      	GOTO       L_LongWordToStr52
L_LongWordToStr53:
;__Lib_Conversions.c,263 :: 		
0x024E	0x0825      	MOVF       LongWordToStr_len_L0, 0
0x024F	0x0724      	ADDWF      FARG_LongWordToStr_output, 0
0x0250	0x0084      	MOVWF      FSR
0x0251	0x0180      	CLRF       INDF
0x0252	0x3001      	MOVLW      1
0x0253	0x02A5      	SUBWF      LongWordToStr_len_L0, 1
0x0254	0x1C03      	BTFSS      STATUS, 0
0x0255	0x03A6      	DECF       LongWordToStr_len_L0+1, 1
;__Lib_Conversions.c,265 :: 		
L_LongWordToStr55:
;__Lib_Conversions.c,266 :: 		
0x0256	0x0825      	MOVF       LongWordToStr_len_L0, 0
0x0257	0x0724      	ADDWF      FARG_LongWordToStr_output, 0
0x0258	0x00A7      	MOVWF      FLOC__LongWordToStr
0x0259	0x300A      	MOVLW      10
0x025A	0x00F4      	MOVWF      R4
0x025B	0x01F5      	CLRF       R4+1
0x025C	0x01F6      	CLRF       R4+2
0x025D	0x01F7      	CLRF       R4+3
0x025E	0x0820      	MOVF       FARG_LongWordToStr_input, 0
0x025F	0x00F0      	MOVWF      R0
0x0260	0x0821      	MOVF       FARG_LongWordToStr_input+1, 0
0x0261	0x00F1      	MOVWF      R0+1
0x0262	0x0822      	MOVF       FARG_LongWordToStr_input+2, 0
0x0263	0x00F2      	MOVWF      R0+2
0x0264	0x0823      	MOVF       FARG_LongWordToStr_input+3, 0
0x0265	0x00F3      	MOVWF      R0+3
0x0266	0x2022      	CALL       _Div_32x32_U
0x0267	0x0878      	MOVF       R8, 0
0x0268	0x00F0      	MOVWF      R0
0x0269	0x0879      	MOVF       R8+1, 0
0x026A	0x00F1      	MOVWF      R0+1
0x026B	0x087A      	MOVF       R8+2, 0
0x026C	0x00F2      	MOVWF      R0+2
0x026D	0x087B      	MOVF       R8+3, 0
0x026E	0x00F3      	MOVWF      R0+3
0x026F	0x3030      	MOVLW      48
0x0270	0x07F0      	ADDWF      R0, 1
0x0271	0x1683      	BSF        STATUS, 5
0x0272	0x0827      	MOVF       FLOC__LongWordToStr, 0
0x0273	0x0084      	MOVWF      FSR
0x0274	0x0870      	MOVF       R0, 0
0x0275	0x0080      	MOVWF      INDF
;__Lib_Conversions.c,267 :: 		
0x0276	0x300A      	MOVLW      10
0x0277	0x00F4      	MOVWF      R4
0x0278	0x01F5      	CLRF       R4+1
0x0279	0x01F6      	CLRF       R4+2
0x027A	0x01F7      	CLRF       R4+3
0x027B	0x0820      	MOVF       FARG_LongWordToStr_input, 0
0x027C	0x00F0      	MOVWF      R0
0x027D	0x0821      	MOVF       FARG_LongWordToStr_input+1, 0
0x027E	0x00F1      	MOVWF      R0+1
0x027F	0x0822      	MOVF       FARG_LongWordToStr_input+2, 0
0x0280	0x00F2      	MOVWF      R0+2
0x0281	0x0823      	MOVF       FARG_LongWordToStr_input+3, 0
0x0282	0x00F3      	MOVWF      R0+3
0x0283	0x2022      	CALL       _Div_32x32_U
0x0284	0x0870      	MOVF       R0, 0
0x0285	0x1683      	BSF        STATUS, 5
0x0286	0x00A0      	MOVWF      FARG_LongWordToStr_input
0x0287	0x0871      	MOVF       R0+1, 0
0x0288	0x00A1      	MOVWF      FARG_LongWordToStr_input+1
0x0289	0x0872      	MOVF       R0+2, 0
0x028A	0x00A2      	MOVWF      FARG_LongWordToStr_input+2
0x028B	0x0873      	MOVF       R0+3, 0
0x028C	0x00A3      	MOVWF      FARG_LongWordToStr_input+3
;__Lib_Conversions.c,268 :: 		
0x028D	0x3000      	MOVLW      0
0x028E	0x00F4      	MOVWF      R4
0x028F	0x0673      	XORWF      R0+3, 0
0x0290	0x1D03      	BTFSS      STATUS, 2
0x0291	0x2A9C      	GOTO       L__LongWordToStr395
0x0292	0x0874      	MOVF       R4, 0
0x0293	0x0672      	XORWF      R0+2, 0
0x0294	0x1D03      	BTFSS      STATUS, 2
0x0295	0x2A9C      	GOTO       L__LongWordToStr395
0x0296	0x0874      	MOVF       R4, 0
0x0297	0x0671      	XORWF      R0+1, 0
0x0298	0x1D03      	BTFSS      STATUS, 2
0x0299	0x2A9C      	GOTO       L__LongWordToStr395
0x029A	0x0870      	MOVF       R0, 0
0x029B	0x3A00      	XORLW      0
L__LongWordToStr395:
0x029C	0x1D03      	BTFSS      STATUS, 2
0x029D	0x2A9F      	GOTO       L_LongWordToStr57
;__Lib_Conversions.c,269 :: 		
0x029E	0x2AA4      	GOTO       L_LongWordToStr56
L_LongWordToStr57:
;__Lib_Conversions.c,270 :: 		
0x029F	0x3001      	MOVLW      1
0x02A0	0x02A5      	SUBWF      LongWordToStr_len_L0, 1
0x02A1	0x1C03      	BTFSS      STATUS, 0
0x02A2	0x03A6      	DECF       LongWordToStr_len_L0+1, 1
;__Lib_Conversions.c,271 :: 		
0x02A3	0x2A56      	GOTO       L_LongWordToStr55
L_LongWordToStr56:
;__Lib_Conversions.c,272 :: 		
L_end_LongWordToStr:
0x02A4	0x0008      	RETURN
; end of _LongWordToStr
_Keypad_Key_Click:
;__Lib_Keypad4x4.c,77 :: 		
;__Lib_Keypad4x4.c,81 :: 		
0x02A5	0x219A      	CALL       _Keypad_Key_Press
0x02A6	0x0870      	MOVF       R0, 0
0x02A7	0x00A0      	MOVWF      Keypad_Key_Click_rslt_L0
;__Lib_Keypad4x4.c,83 :: 		
L_Keypad_Key_Click5:
0x02A8	0x300F      	MOVLW      15
0x02A9	0x1283      	BCF        STATUS, 5
0x02AA	0x0508      	ANDWF      keypadPort, 0
0x02AB	0x00F0      	MOVWF      R0
0x02AC	0x1903      	BTFSC      STATUS, 2
0x02AD	0x2AB0      	GOTO       L_Keypad_Key_Click6
;__Lib_Keypad4x4.c,84 :: 		
0x02AE	0x201A      	CALL       _Delay_10us
0x02AF	0x2AA8      	GOTO       L_Keypad_Key_Click5
L_Keypad_Key_Click6:
;__Lib_Keypad4x4.c,86 :: 		
0x02B0	0x1683      	BSF        STATUS, 5
0x02B1	0x0820      	MOVF       Keypad_Key_Click_rslt_L0, 0
0x02B2	0x00F0      	MOVWF      R0
;__Lib_Keypad4x4.c,87 :: 		
L_end_Keypad_Key_Click:
0x02B3	0x0008      	RETURN
; end of _Keypad_Key_Click
_LongToStr:
;__Lib_Conversions.c,289 :: 		
;__Lib_Conversions.c,295 :: 		
0x02B4	0x1283      	BCF        STATUS, 5
0x02B5	0x1303      	BCF        STATUS, 6
0x02B6	0x01EA      	CLRF       LongToStr_negative_L0
0x02B7	0x01EB      	CLRF       LongToStr_negative_L0+1
;__Lib_Conversions.c,296 :: 		
0x02B8	0x0863      	MOVF       FARG_LongToStr_input, 0
0x02B9	0x00EC      	MOVWF      LongToStr_inword_L0
0x02BA	0x0864      	MOVF       FARG_LongToStr_input+1, 0
0x02BB	0x00ED      	MOVWF      LongToStr_inword_L0+1
0x02BC	0x0865      	MOVF       FARG_LongToStr_input+2, 0
0x02BD	0x00EE      	MOVWF      LongToStr_inword_L0+2
0x02BE	0x0866      	MOVF       FARG_LongToStr_input+3, 0
0x02BF	0x00EF      	MOVWF      LongToStr_inword_L0+3
;__Lib_Conversions.c,297 :: 		
0x02C0	0x3080      	MOVLW      128
0x02C1	0x0666      	XORWF      FARG_LongToStr_input+3, 0
0x02C2	0x00F0      	MOVWF      R0
0x02C3	0x3080      	MOVLW      128
0x02C4	0x0270      	SUBWF      R0, 0
0x02C5	0x1D03      	BTFSS      STATUS, 2
0x02C6	0x2AD1      	GOTO       L__LongToStr399
0x02C7	0x3000      	MOVLW      0
0x02C8	0x0265      	SUBWF      FARG_LongToStr_input+2, 0
0x02C9	0x1D03      	BTFSS      STATUS, 2
0x02CA	0x2AD1      	GOTO       L__LongToStr399
0x02CB	0x3000      	MOVLW      0
0x02CC	0x0264      	SUBWF      FARG_LongToStr_input+1, 0
0x02CD	0x1D03      	BTFSS      STATUS, 2
0x02CE	0x2AD1      	GOTO       L__LongToStr399
0x02CF	0x3000      	MOVLW      0
0x02D0	0x0263      	SUBWF      FARG_LongToStr_input, 0
L__LongToStr399:
0x02D1	0x1803      	BTFSC      STATUS, 0
0x02D2	0x2AF9      	GOTO       L_LongToStr63
;__Lib_Conversions.c,298 :: 		
0x02D3	0x3001      	MOVLW      1
0x02D4	0x00EA      	MOVWF      LongToStr_negative_L0
0x02D5	0x3000      	MOVLW      0
0x02D6	0x00EB      	MOVWF      LongToStr_negative_L0+1
;__Lib_Conversions.c,299 :: 		
0x02D7	0x01F4      	CLRF       R4
0x02D8	0x01F5      	CLRF       R4+1
0x02D9	0x01F6      	CLRF       R4+2
0x02DA	0x01F7      	CLRF       R4+3
0x02DB	0x0863      	MOVF       FARG_LongToStr_input, 0
0x02DC	0x00F0      	MOVWF      R0
0x02DD	0x0864      	MOVF       FARG_LongToStr_input+1, 0
0x02DE	0x00F1      	MOVWF      R0+1
0x02DF	0x0865      	MOVF       FARG_LongToStr_input+2, 0
0x02E0	0x00F2      	MOVWF      R0+2
0x02E1	0x0866      	MOVF       FARG_LongToStr_input+3, 0
0x02E2	0x00F3      	MOVWF      R0+3
0x02E3	0x0874      	MOVF       R4, 0
0x02E4	0x00EC      	MOVWF      LongToStr_inword_L0
0x02E5	0x0875      	MOVF       R4+1, 0
0x02E6	0x00ED      	MOVWF      LongToStr_inword_L0+1
0x02E7	0x0876      	MOVF       R4+2, 0
0x02E8	0x00EE      	MOVWF      LongToStr_inword_L0+2
0x02E9	0x0877      	MOVF       R4+3, 0
0x02EA	0x00EF      	MOVWF      LongToStr_inword_L0+3
0x02EB	0x0870      	MOVF       R0, 0
0x02EC	0x02EC      	SUBWF      LongToStr_inword_L0, 1
0x02ED	0x0871      	MOVF       R0+1, 0
0x02EE	0x1C03      	BTFSS      STATUS, 0
0x02EF	0x0F71      	INCFSZ     R0+1, 0
0x02F0	0x02ED      	SUBWF      LongToStr_inword_L0+1, 1
0x02F1	0x0872      	MOVF       R0+2, 0
0x02F2	0x1C03      	BTFSS      STATUS, 0
0x02F3	0x0F72      	INCFSZ     R0+2, 0
0x02F4	0x02EE      	SUBWF      LongToStr_inword_L0+2, 1
0x02F5	0x0873      	MOVF       R0+3, 0
0x02F6	0x1C03      	BTFSS      STATUS, 0
0x02F7	0x0F73      	INCFSZ     R0+3, 0
0x02F8	0x02EF      	SUBWF      LongToStr_inword_L0+3, 1
;__Lib_Conversions.c,300 :: 		
L_LongToStr63:
;__Lib_Conversions.c,301 :: 		
0x02F9	0x086C      	MOVF       LongToStr_inword_L0, 0
0x02FA	0x1683      	BSF        STATUS, 5
0x02FB	0x00A0      	MOVWF      FARG_LongWordToStr_input
0x02FC	0x1283      	BCF        STATUS, 5
0x02FD	0x086D      	MOVF       LongToStr_inword_L0+1, 0
0x02FE	0x1683      	BSF        STATUS, 5
0x02FF	0x00A1      	MOVWF      FARG_LongWordToStr_input+1
0x0300	0x1283      	BCF        STATUS, 5
0x0301	0x086E      	MOVF       LongToStr_inword_L0+2, 0
0x0302	0x1683      	BSF        STATUS, 5
0x0303	0x00A2      	MOVWF      FARG_LongWordToStr_input+2
0x0304	0x1283      	BCF        STATUS, 5
0x0305	0x086F      	MOVF       LongToStr_inword_L0+3, 0
0x0306	0x1683      	BSF        STATUS, 5
0x0307	0x00A3      	MOVWF      FARG_LongWordToStr_input+3
0x0308	0x1283      	BCF        STATUS, 5
0x0309	0x0867      	MOVF       FARG_LongToStr_output, 0
0x030A	0x1683      	BSF        STATUS, 5
0x030B	0x00A4      	MOVWF      FARG_LongWordToStr_output
0x030C	0x2239      	CALL       _LongWordToStr
;__Lib_Conversions.c,303 :: 		
0x030D	0x300B      	MOVLW      11
0x030E	0x1283      	BCF        STATUS, 5
0x030F	0x00E8      	MOVWF      LongToStr_i_L0
0x0310	0x3000      	MOVLW      0
0x0311	0x00E9      	MOVWF      LongToStr_i_L0+1
;__Lib_Conversions.c,304 :: 		
L_LongToStr64:
0x0312	0x0869      	MOVF       LongToStr_i_L0+1, 0
0x0313	0x3C00      	SUBLW      0
0x0314	0x1D03      	BTFSS      STATUS, 2
0x0315	0x2B18      	GOTO       L__LongToStr400
0x0316	0x0868      	MOVF       LongToStr_i_L0, 0
0x0317	0x3C00      	SUBLW      0
L__LongToStr400:
0x0318	0x1803      	BTFSC      STATUS, 0
0x0319	0x2B33      	GOTO       L_LongToStr65
;__Lib_Conversions.c,305 :: 		
0x031A	0x0868      	MOVF       LongToStr_i_L0, 0
0x031B	0x0767      	ADDWF      FARG_LongToStr_output, 0
0x031C	0x00F2      	MOVWF      R2
0x031D	0x3001      	MOVLW      1
0x031E	0x0268      	SUBWF      LongToStr_i_L0, 0
0x031F	0x00F0      	MOVWF      R0
0x0320	0x3000      	MOVLW      0
0x0321	0x1C03      	BTFSS      STATUS, 0
0x0322	0x3E01      	ADDLW      1
0x0323	0x0269      	SUBWF      LongToStr_i_L0+1, 0
0x0324	0x00F1      	MOVWF      R0+1
0x0325	0x0870      	MOVF       R0, 0
0x0326	0x0767      	ADDWF      FARG_LongToStr_output, 0
0x0327	0x0084      	MOVWF      FSR
0x0328	0x0800      	MOVF       INDF, 0
0x0329	0x00F0      	MOVWF      R0
0x032A	0x0872      	MOVF       R2, 0
0x032B	0x0084      	MOVWF      FSR
0x032C	0x0870      	MOVF       R0, 0
0x032D	0x0080      	MOVWF      INDF
;__Lib_Conversions.c,306 :: 		
0x032E	0x3001      	MOVLW      1
0x032F	0x02E8      	SUBWF      LongToStr_i_L0, 1
0x0330	0x1C03      	BTFSS      STATUS, 0
0x0331	0x03E9      	DECF       LongToStr_i_L0+1, 1
;__Lib_Conversions.c,307 :: 		
0x0332	0x2B12      	GOTO       L_LongToStr64
L_LongToStr65:
;__Lib_Conversions.c,308 :: 		
0x0333	0x0867      	MOVF       FARG_LongToStr_output, 0
0x0334	0x0084      	MOVWF      FSR
0x0335	0x3020      	MOVLW      32
0x0336	0x0080      	MOVWF      INDF
;__Lib_Conversions.c,309 :: 		
0x0337	0x086A      	MOVF       LongToStr_negative_L0, 0
0x0338	0x046B      	IORWF      LongToStr_negative_L0+1, 0
0x0339	0x1903      	BTFSC      STATUS, 2
0x033A	0x2B51      	GOTO       L_LongToStr66
;__Lib_Conversions.c,310 :: 		
0x033B	0x01E8      	CLRF       LongToStr_i_L0
0x033C	0x01E9      	CLRF       LongToStr_i_L0+1
;__Lib_Conversions.c,311 :: 		
L_LongToStr67:
0x033D	0x0868      	MOVF       LongToStr_i_L0, 0
0x033E	0x0767      	ADDWF      FARG_LongToStr_output, 0
0x033F	0x0084      	MOVWF      FSR
0x0340	0x0800      	MOVF       INDF, 0
0x0341	0x3A20      	XORLW      32
0x0342	0x1D03      	BTFSS      STATUS, 2
0x0343	0x2B48      	GOTO       L_LongToStr68
0x0344	0x0AE8      	INCF       LongToStr_i_L0, 1
0x0345	0x1903      	BTFSC      STATUS, 2
0x0346	0x0AE9      	INCF       LongToStr_i_L0+1, 1
0x0347	0x2B3D      	GOTO       L_LongToStr67
L_LongToStr68:
;__Lib_Conversions.c,312 :: 		
0x0348	0x3001      	MOVLW      1
0x0349	0x02E8      	SUBWF      LongToStr_i_L0, 1
0x034A	0x1C03      	BTFSS      STATUS, 0
0x034B	0x03E9      	DECF       LongToStr_i_L0+1, 1
;__Lib_Conversions.c,313 :: 		
0x034C	0x0868      	MOVF       LongToStr_i_L0, 0
0x034D	0x0767      	ADDWF      FARG_LongToStr_output, 0
0x034E	0x0084      	MOVWF      FSR
0x034F	0x302D      	MOVLW      45
0x0350	0x0080      	MOVWF      INDF
;__Lib_Conversions.c,314 :: 		
L_LongToStr66:
;__Lib_Conversions.c,315 :: 		
L_end_LongToStr:
0x0351	0x0008      	RETURN
; end of _LongToStr
_Mul_32x32_U:
;__Lib_Math.c,1775 :: 		
;__Lib_Math.c,1790 :: 		
0x0352	0x1283      	BCF        STATUS, 5
;__Lib_Math.c,1791 :: 		
0x0353	0x1303      	BCF        STATUS, 6
;__Lib_Math.c,1792 :: 		
0x0354	0x3022      	MOVLW      34
;__Lib_Math.c,1793 :: 		
0x0355	0x00FC      	MOVWF      R12
;__Lib_Math.c,1794 :: 		
0x0356	0x01F8      	CLRF       R8
;__Lib_Math.c,1795 :: 		
0x0357	0x01F9      	CLRF       R9
;__Lib_Math.c,1796 :: 		
0x0358	0x01FA      	CLRF       R10
;__Lib_Math.c,1797 :: 		
0x0359	0x01FB      	CLRF       R11
;__Lib_Math.c,1799 :: 		
_NEXT:
;__Lib_Math.c,1803 :: 		
0x035A	0x03FC      	DECF       R12, 1
;__Lib_Math.c,1804 :: 		
0x035B	0x1903      	BTFSC      STATUS, 2
;__Lib_Math.c,1805 :: 		
0x035C	0x2B88      	GOTO       _EXIT2
;__Lib_Math.c,1806 :: 		
0x035D	0x1003      	BCF        STATUS, 0
;__Lib_Math.c,1808 :: 		
_LOOP:
;__Lib_Math.c,1817 :: 		
0x035E	0x0CFB      	RRF        R11, 1
;__Lib_Math.c,1818 :: 		
0x035F	0x0CFA      	RRF        R10, 1
;__Lib_Math.c,1819 :: 		
0x0360	0x0CF9      	RRF        R9, 1
;__Lib_Math.c,1820 :: 		
0x0361	0x0CF8      	RRF        R8, 1
;__Lib_Math.c,1821 :: 		
0x0362	0x0CF3      	RRF        R3, 1
;__Lib_Math.c,1822 :: 		
0x0363	0x0CF2      	RRF        R2, 1
;__Lib_Math.c,1823 :: 		
0x0364	0x0CF1      	RRF        R1, 1
;__Lib_Math.c,1824 :: 		
0x0365	0x0CF0      	RRF        R0, 1
;__Lib_Math.c,1829 :: 		
0x0366	0x1C03      	BTFSS      STATUS, 0
;__Lib_Math.c,1830 :: 		
0x0367	0x2B5A      	GOTO       _NEXT
;__Lib_Math.c,1831 :: 		
0x0368	0x03FC      	DECF       R12, 1
;__Lib_Math.c,1832 :: 		
0x0369	0x1903      	BTFSC      STATUS, 2
;__Lib_Math.c,1833 :: 		
0x036A	0x2B7A      	GOTO       _EXIT1
;__Lib_Math.c,1840 :: 		
0x036B	0x0874      	MOVF       R4, 0
;__Lib_Math.c,1841 :: 		
0x036C	0x07F8      	ADDWF      R8, 1
;__Lib_Math.c,1842 :: 		
0x036D	0x0875      	MOVF       R5, 0
;__Lib_Math.c,1843 :: 		
0x036E	0x1803      	BTFSC      STATUS, 0
;__Lib_Math.c,1844 :: 		
0x036F	0x0F75      	INCFSZ     R5, 0
;__Lib_Math.c,1845 :: 		
0x0370	0x07F9      	ADDWF      R9, 1
;__Lib_Math.c,1846 :: 		
0x0371	0x0876      	MOVF       R6, 0
;__Lib_Math.c,1847 :: 		
0x0372	0x1803      	BTFSC      STATUS, 0
;__Lib_Math.c,1848 :: 		
0x0373	0x0F76      	INCFSZ     R6, 0
;__Lib_Math.c,1849 :: 		
0x0374	0x07FA      	ADDWF      R10, 1
;__Lib_Math.c,1850 :: 		
0x0375	0x0877      	MOVF       R7, 0
;__Lib_Math.c,1851 :: 		
0x0376	0x1803      	BTFSC      STATUS, 0
;__Lib_Math.c,1852 :: 		
0x0377	0x0F77      	INCFSZ     R7, 0
;__Lib_Math.c,1853 :: 		
0x0378	0x07FB      	ADDWF      R11, 1
;__Lib_Math.c,1855 :: 		
0x0379	0x2B5E      	GOTO       _LOOP
;__Lib_Math.c,1857 :: 		
_EXIT1:
;__Lib_Math.c,1862 :: 		
0x037A	0x0874      	MOVF       R4, 0
;__Lib_Math.c,1863 :: 		
0x037B	0x07F8      	ADDWF      R8, 1
;__Lib_Math.c,1864 :: 		
0x037C	0x0875      	MOVF       R5, 0
;__Lib_Math.c,1865 :: 		
0x037D	0x1803      	BTFSC      STATUS, 0
;__Lib_Math.c,1866 :: 		
0x037E	0x0F75      	INCFSZ     R5, 0
;__Lib_Math.c,1867 :: 		
0x037F	0x07F9      	ADDWF      R9, 1
;__Lib_Math.c,1868 :: 		
0x0380	0x0876      	MOVF       R6, 0
;__Lib_Math.c,1869 :: 		
0x0381	0x1803      	BTFSC      STATUS, 0
;__Lib_Math.c,1870 :: 		
0x0382	0x0F76      	INCFSZ     R6, 0
;__Lib_Math.c,1871 :: 		
0x0383	0x07FA      	ADDWF      R10, 1
;__Lib_Math.c,1872 :: 		
0x0384	0x0877      	MOVF       R7, 0
;__Lib_Math.c,1873 :: 		
0x0385	0x1803      	BTFSC      STATUS, 0
;__Lib_Math.c,1874 :: 		
0x0386	0x0F77      	INCFSZ     R7, 0
;__Lib_Math.c,1875 :: 		
0x0387	0x07FB      	ADDWF      R11, 1
;__Lib_Math.c,1878 :: 		
_EXIT2:
;__Lib_Math.c,1880 :: 		
L_end_Mul_32x32_U:
0x0388	0x0008      	RETURN
; end of _Mul_32x32_U
_Get_Key:
;Calculator.c,32 :: 		unsigned char Get_Key(){
;Calculator.c,33 :: 		kp=0;
0x0389	0x1283      	BCF        STATUS, 5
0x038A	0x1303      	BCF        STATUS, 6
0x038B	0x01C0      	CLRF       _kp
;Calculator.c,34 :: 		do{
L_Get_Key0:
;Calculator.c,35 :: 		kp=Keypad_Key_Click();delay_ms(10);
0x038C	0x22A5      	CALL       _Keypad_Key_Click
0x038D	0x0870      	MOVF       R0, 0
0x038E	0x1283      	BCF        STATUS, 5
0x038F	0x00C0      	MOVWF      _kp
0x0390	0x301A      	MOVLW      26
0x0391	0x00FC      	MOVWF      R12
0x0392	0x30F8      	MOVLW      248
0x0393	0x00FD      	MOVWF      R13
L_Get_Key3:
0x0394	0x0BFD      	DECFSZ     R13, 1
0x0395	0x2B94      	GOTO       L_Get_Key3
0x0396	0x0BFC      	DECFSZ     R12, 1
0x0397	0x2B94      	GOTO       L_Get_Key3
0x0398	0x0000      	NOP
;Calculator.c,36 :: 		}while(!kp);
0x0399	0x0840      	MOVF       _kp, 0
0x039A	0x1903      	BTFSC      STATUS, 2
0x039B	0x2B8C      	GOTO       L_Get_Key0
;Calculator.c,37 :: 		switch(kp){
0x039C	0x2BCF      	GOTO       L_Get_Key4
;Calculator.c,38 :: 		case 1 :  Lcd_Cmd(_LCD_CLEAR); break ;     // ON/OFF butonu, ekrani kaldiriyor
L_Get_Key6:
0x039D	0x3001      	MOVLW      1
0x039E	0x1683      	BSF        STATUS, 5
0x039F	0x00A8      	MOVWF      FARG_Lcd_Cmd_out_char
0x03A0	0x21D2      	CALL       _Lcd_Cmd
0x03A1	0x2C0F      	GOTO       L_Get_Key5
;Calculator.c,39 :: 		case 2 :  kp = '0' ; break ;               // 0
L_Get_Key7:
0x03A2	0x3030      	MOVLW      48
0x03A3	0x00C0      	MOVWF      _kp
0x03A4	0x2C0F      	GOTO       L_Get_Key5
;Calculator.c,40 :: 		case 3  : kp = 'E'; break ;                // "=" butonu bu halde Enter islem(girdiginiz numara kaydetmek iin)
L_Get_Key8:
0x03A5	0x3045      	MOVLW      69
0x03A6	0x00C0      	MOVWF      _kp
0x03A7	0x2C0F      	GOTO       L_Get_Key5
;Calculator.c,41 :: 		case 4  : kp = '+' ; break ;               // + islem
L_Get_Key9:
0x03A8	0x302B      	MOVLW      43
0x03A9	0x00C0      	MOVWF      _kp
0x03AA	0x2C0F      	GOTO       L_Get_Key5
;Calculator.c,42 :: 		case 5  : kp = '1' ; break ;               // 1
L_Get_Key10:
0x03AB	0x3031      	MOVLW      49
0x03AC	0x00C0      	MOVWF      _kp
0x03AD	0x2C0F      	GOTO       L_Get_Key5
;Calculator.c,43 :: 		case 6  : kp = '2' ; break ;               // 2
L_Get_Key11:
0x03AE	0x3032      	MOVLW      50
0x03AF	0x00C0      	MOVWF      _kp
0x03B0	0x2C0F      	GOTO       L_Get_Key5
;Calculator.c,44 :: 		case 7  : kp = '3' ; break ;               // 3
L_Get_Key12:
0x03B1	0x3033      	MOVLW      51
0x03B2	0x00C0      	MOVWF      _kp
0x03B3	0x2C0F      	GOTO       L_Get_Key5
;Calculator.c,45 :: 		case 8  : kp = '-' ; break ;               // - islem
L_Get_Key13:
0x03B4	0x302D      	MOVLW      45
0x03B5	0x00C0      	MOVWF      _kp
0x03B6	0x2C0F      	GOTO       L_Get_Key5
;Calculator.c,46 :: 		case 9  : kp = '4' ; break ;               // 4
L_Get_Key14:
0x03B7	0x3034      	MOVLW      52
0x03B8	0x00C0      	MOVWF      _kp
0x03B9	0x2C0F      	GOTO       L_Get_Key5
;Calculator.c,47 :: 		case 10 : kp = '5' ; break ;               // 5
L_Get_Key15:
0x03BA	0x3035      	MOVLW      53
0x03BB	0x00C0      	MOVWF      _kp
0x03BC	0x2C0F      	GOTO       L_Get_Key5
;Calculator.c,48 :: 		case 11 : kp = '6' ; break ;               // 6
L_Get_Key16:
0x03BD	0x3036      	MOVLW      54
0x03BE	0x00C0      	MOVWF      _kp
0x03BF	0x2C0F      	GOTO       L_Get_Key5
;Calculator.c,49 :: 		case 12 : kp = '*' ; break ;               // * islem
L_Get_Key17:
0x03C0	0x302A      	MOVLW      42
0x03C1	0x00C0      	MOVWF      _kp
0x03C2	0x2C0F      	GOTO       L_Get_Key5
;Calculator.c,50 :: 		case 13 : kp = '7' ; break ;               // 7
L_Get_Key18:
0x03C3	0x3037      	MOVLW      55
0x03C4	0x00C0      	MOVWF      _kp
0x03C5	0x2C0F      	GOTO       L_Get_Key5
;Calculator.c,51 :: 		case 14 : kp = '8' ; break ;               // 8
L_Get_Key19:
0x03C6	0x3038      	MOVLW      56
0x03C7	0x00C0      	MOVWF      _kp
0x03C8	0x2C0F      	GOTO       L_Get_Key5
;Calculator.c,52 :: 		case 15 : kp = '9' ; break ;               // 9
L_Get_Key20:
0x03C9	0x3039      	MOVLW      57
0x03CA	0x00C0      	MOVWF      _kp
0x03CB	0x2C0F      	GOTO       L_Get_Key5
;Calculator.c,53 :: 		case 16 : kp = '/' ; break ;               // / islem
L_Get_Key21:
0x03CC	0x302F      	MOVLW      47
0x03CD	0x00C0      	MOVWF      _kp
0x03CE	0x2C0F      	GOTO       L_Get_Key5
;Calculator.c,54 :: 		}
L_Get_Key4:
0x03CF	0x0840      	MOVF       _kp, 0
0x03D0	0x3A01      	XORLW      1
0x03D1	0x1903      	BTFSC      STATUS, 2
0x03D2	0x2B9D      	GOTO       L_Get_Key6
0x03D3	0x0840      	MOVF       _kp, 0
0x03D4	0x3A02      	XORLW      2
0x03D5	0x1903      	BTFSC      STATUS, 2
0x03D6	0x2BA2      	GOTO       L_Get_Key7
0x03D7	0x0840      	MOVF       _kp, 0
0x03D8	0x3A03      	XORLW      3
0x03D9	0x1903      	BTFSC      STATUS, 2
0x03DA	0x2BA5      	GOTO       L_Get_Key8
0x03DB	0x0840      	MOVF       _kp, 0
0x03DC	0x3A04      	XORLW      4
0x03DD	0x1903      	BTFSC      STATUS, 2
0x03DE	0x2BA8      	GOTO       L_Get_Key9
0x03DF	0x0840      	MOVF       _kp, 0
0x03E0	0x3A05      	XORLW      5
0x03E1	0x1903      	BTFSC      STATUS, 2
0x03E2	0x2BAB      	GOTO       L_Get_Key10
0x03E3	0x0840      	MOVF       _kp, 0
0x03E4	0x3A06      	XORLW      6
0x03E5	0x1903      	BTFSC      STATUS, 2
0x03E6	0x2BAE      	GOTO       L_Get_Key11
0x03E7	0x0840      	MOVF       _kp, 0
0x03E8	0x3A07      	XORLW      7
0x03E9	0x1903      	BTFSC      STATUS, 2
0x03EA	0x2BB1      	GOTO       L_Get_Key12
0x03EB	0x0840      	MOVF       _kp, 0
0x03EC	0x3A08      	XORLW      8
0x03ED	0x1903      	BTFSC      STATUS, 2
0x03EE	0x2BB4      	GOTO       L_Get_Key13
0x03EF	0x0840      	MOVF       _kp, 0
0x03F0	0x3A09      	XORLW      9
0x03F1	0x1903      	BTFSC      STATUS, 2
0x03F2	0x2BB7      	GOTO       L_Get_Key14
0x03F3	0x0840      	MOVF       _kp, 0
0x03F4	0x3A0A      	XORLW      10
0x03F5	0x1903      	BTFSC      STATUS, 2
0x03F6	0x2BBA      	GOTO       L_Get_Key15
0x03F7	0x0840      	MOVF       _kp, 0
0x03F8	0x3A0B      	XORLW      11
0x03F9	0x1903      	BTFSC      STATUS, 2
0x03FA	0x2BBD      	GOTO       L_Get_Key16
0x03FB	0x0840      	MOVF       _kp, 0
0x03FC	0x3A0C      	XORLW      12
0x03FD	0x1903      	BTFSC      STATUS, 2
0x03FE	0x2BC0      	GOTO       L_Get_Key17
0x03FF	0x0840      	MOVF       _kp, 0
0x0400	0x3A0D      	XORLW      13
0x0401	0x1903      	BTFSC      STATUS, 2
0x0402	0x2BC3      	GOTO       L_Get_Key18
0x0403	0x0840      	MOVF       _kp, 0
0x0404	0x3A0E      	XORLW      14
0x0405	0x1903      	BTFSC      STATUS, 2
0x0406	0x2BC6      	GOTO       L_Get_Key19
0x0407	0x0840      	MOVF       _kp, 0
0x0408	0x3A0F      	XORLW      15
0x0409	0x1903      	BTFSC      STATUS, 2
0x040A	0x2BC9      	GOTO       L_Get_Key20
0x040B	0x0840      	MOVF       _kp, 0
0x040C	0x3A10      	XORLW      16
0x040D	0x1903      	BTFSC      STATUS, 2
0x040E	0x2BCC      	GOTO       L_Get_Key21
L_Get_Key5:
;Calculator.c,55 :: 		}
L_end_Get_Key:
0x040F	0x0008      	RETURN
; end of _Get_Key
_Lcd_Out_CP:
;__Lib_Lcd.c,57 :: 		
;__Lib_Lcd.c,58 :: 		
0x0410	0x1283      	BCF        STATUS, 5
0x0411	0x1303      	BCF        STATUS, 6
0x0412	0x01E4      	CLRF       Lcd_Out_CP_i_L0
;__Lib_Lcd.c,60 :: 		
L_Lcd_Out_CP2:
0x0413	0x0864      	MOVF       Lcd_Out_CP_i_L0, 0
0x0414	0x0763      	ADDWF      FARG_Lcd_Out_CP_text, 0
0x0415	0x0084      	MOVWF      FSR
0x0416	0x0800      	MOVF       INDF, 0
0x0417	0x1903      	BTFSC      STATUS, 2
0x0418	0x2C22      	GOTO       L_Lcd_Out_CP3
;__Lib_Lcd.c,61 :: 		
0x0419	0x0864      	MOVF       Lcd_Out_CP_i_L0, 0
0x041A	0x0763      	ADDWF      FARG_Lcd_Out_CP_text, 0
0x041B	0x0084      	MOVWF      FSR
0x041C	0x0800      	MOVF       INDF, 0
0x041D	0x1683      	BSF        STATUS, 5
0x041E	0x00A0      	MOVWF      FARG_Lcd_Chr_CP_out_char
0x041F	0x2230      	CALL       _Lcd_Chr_CP
0x0420	0x0AE4      	INCF       Lcd_Out_CP_i_L0, 1
;__Lib_Lcd.c,62 :: 		
0x0421	0x2C13      	GOTO       L_Lcd_Out_CP2
L_Lcd_Out_CP3:
;__Lib_Lcd.c,63 :: 		
L_end_Lcd_Out_CP:
0x0422	0x0008      	RETURN
; end of _Lcd_Out_CP
___CC2DW:
;__Lib_System.c,134 :: 		
;__Lib_System.c,137 :: 		
_CC2D_Loop1:
;__Lib_System.c,139 :: 		
0x0423	0x2229      	CALL       _____DoICP
0x0424	0x118A      	BCF        PCLATH, 3
0x0425	0x120A      	BCF        PCLATH, 4
;__Lib_System.c,141 :: 		
0x0426	0x0080      	MOVWF      INDF
;__Lib_System.c,142 :: 		
0x0427	0x0A84      	INCF       FSR, 1
;__Lib_System.c,143 :: 		
0x0428	0x0AC1      	INCF       ___DoICPAddr, 1
;__Lib_System.c,145 :: 		
0x0429	0x1903      	BTFSC      STATUS, 2
;__Lib_System.c,146 :: 		
0x042A	0x0AC2      	INCF       ___DoICPAddr+1, 1
;__Lib_System.c,147 :: 		
0x042B	0x03F0      	DECF       R0, 1
;__Lib_System.c,149 :: 		
0x042C	0x1D03      	BTFSS      STATUS, 2
;__Lib_System.c,150 :: 		
0x042D	0x2C23      	GOTO       _CC2D_Loop1
;__Lib_System.c,152 :: 		
L_end___CC2DW:
0x042E	0x0008      	RETURN
; end of ___CC2DW
_Lcd_Init:
;__Lib_Lcd.c,84 :: 		
;__Lib_Lcd.c,86 :: 		
0x042F	0x1683      	BSF        STATUS, 5
0x0430	0x1303      	BCF        STATUS, 6
0x0431	0x1086      	BCF        LCD_EN_Direction, BitPos(LCD_EN_Direction+0)
;__Lib_Lcd.c,87 :: 		
0x0432	0x1006      	BCF        LCD_RS_Direction, BitPos(LCD_RS_Direction+0)
;__Lib_Lcd.c,88 :: 		
0x0433	0x1106      	BCF        LCD_D4_Direction, BitPos(LCD_D4_Direction+0)
;__Lib_Lcd.c,89 :: 		
0x0434	0x1186      	BCF        LCD_D5_Direction, BitPos(LCD_D5_Direction+0)
;__Lib_Lcd.c,90 :: 		
0x0435	0x1206      	BCF        LCD_D6_Direction, BitPos(LCD_D6_Direction+0)
;__Lib_Lcd.c,91 :: 		
0x0436	0x1286      	BCF        LCD_D7_Direction, BitPos(LCD_D7_Direction+0)
;__Lib_Lcd.c,93 :: 		
0x0437	0x1283      	BCF        STATUS, 5
0x0438	0x1086      	BCF        LCD_EN, BitPos(LCD_EN+0)
;__Lib_Lcd.c,94 :: 		
0x0439	0x1006      	BCF        LCD_RS, BitPos(LCD_RS+0)
;__Lib_Lcd.c,95 :: 		
0x043A	0x1286      	BCF        LCD_D7, BitPos(LCD_D7+0)
;__Lib_Lcd.c,96 :: 		
0x043B	0x1206      	BCF        LCD_D6, BitPos(LCD_D6+0)
;__Lib_Lcd.c,97 :: 		
0x043C	0x1186      	BCF        LCD_D5, BitPos(LCD_D5+0)
;__Lib_Lcd.c,98 :: 		
0x043D	0x1106      	BCF        LCD_D4, BitPos(LCD_D4+0)
;__Lib_Lcd.c,100 :: 		
0x043E	0x2006      	CALL       _Delay_5500us
;__Lib_Lcd.c,101 :: 		
0x043F	0x2006      	CALL       _Delay_5500us
;__Lib_Lcd.c,102 :: 		
0x0440	0x2006      	CALL       _Delay_5500us
;__Lib_Lcd.c,105 :: 		
0x0441	0x1586      	BSF        LCD_D5, BitPos(LCD_D5+0)
;__Lib_Lcd.c,106 :: 		
0x0442	0x1506      	BSF        LCD_D4, BitPos(LCD_D4+0)
;__Lib_Lcd.c,107 :: 		
0x0443	0x1486      	BSF        LCD_EN, BitPos(LCD_EN+0)
;__Lib_Lcd.c,108 :: 		
0x0444	0x2003      	CALL       _Delay_1us
;__Lib_Lcd.c,109 :: 		
0x0445	0x1086      	BCF        LCD_EN, BitPos(LCD_EN+0)
;__Lib_Lcd.c,110 :: 		
0x0446	0x2006      	CALL       _Delay_5500us
;__Lib_Lcd.c,112 :: 		
0x0447	0x1486      	BSF        LCD_EN, BitPos(LCD_EN+0)
;__Lib_Lcd.c,113 :: 		
0x0448	0x2003      	CALL       _Delay_1us
;__Lib_Lcd.c,114 :: 		
0x0449	0x1086      	BCF        LCD_EN, BitPos(LCD_EN+0)
;__Lib_Lcd.c,115 :: 		
0x044A	0x2006      	CALL       _Delay_5500us
;__Lib_Lcd.c,117 :: 		
0x044B	0x1486      	BSF        LCD_EN, BitPos(LCD_EN+0)
;__Lib_Lcd.c,118 :: 		
0x044C	0x2003      	CALL       _Delay_1us
;__Lib_Lcd.c,119 :: 		
0x044D	0x1086      	BCF        LCD_EN, BitPos(LCD_EN+0)
;__Lib_Lcd.c,120 :: 		
0x044E	0x2006      	CALL       _Delay_5500us
;__Lib_Lcd.c,123 :: 		
0x044F	0x1106      	BCF        LCD_D4, BitPos(LCD_D4+0)
;__Lib_Lcd.c,124 :: 		
0x0450	0x1486      	BSF        LCD_EN, BitPos(LCD_EN+0)
;__Lib_Lcd.c,125 :: 		
0x0451	0x2003      	CALL       _Delay_1us
;__Lib_Lcd.c,126 :: 		
0x0452	0x1086      	BCF        LCD_EN, BitPos(LCD_EN+0)
;__Lib_Lcd.c,127 :: 		
0x0453	0x2006      	CALL       _Delay_5500us
;__Lib_Lcd.c,130 :: 		
0x0454	0x1486      	BSF        LCD_EN, BitPos(LCD_EN+0)
;__Lib_Lcd.c,131 :: 		
0x0455	0x2003      	CALL       _Delay_1us
;__Lib_Lcd.c,132 :: 		
0x0456	0x1086      	BCF        LCD_EN, BitPos(LCD_EN+0)
;__Lib_Lcd.c,134 :: 		
0x0457	0x1186      	BCF        LCD_D5, BitPos(LCD_D5+0)
;__Lib_Lcd.c,135 :: 		
0x0458	0x1686      	BSF        LCD_D7, BitPos(LCD_D7+0)
;__Lib_Lcd.c,136 :: 		
0x0459	0x1486      	BSF        LCD_EN, BitPos(LCD_EN+0)
;__Lib_Lcd.c,137 :: 		
0x045A	0x2003      	CALL       _Delay_1us
;__Lib_Lcd.c,138 :: 		
0x045B	0x1086      	BCF        LCD_EN, BitPos(LCD_EN+0)
;__Lib_Lcd.c,139 :: 		
0x045C	0x2006      	CALL       _Delay_5500us
;__Lib_Lcd.c,142 :: 		
0x045D	0x1286      	BCF        LCD_D7, BitPos(LCD_D7+0)
;__Lib_Lcd.c,143 :: 		
0x045E	0x1506      	BSF        LCD_D4, BitPos(LCD_D4+0)
;__Lib_Lcd.c,144 :: 		
0x045F	0x1486      	BSF        LCD_EN, BitPos(LCD_EN+0)
;__Lib_Lcd.c,145 :: 		
0x0460	0x2003      	CALL       _Delay_1us
;__Lib_Lcd.c,146 :: 		
0x0461	0x1086      	BCF        LCD_EN, BitPos(LCD_EN+0)
;__Lib_Lcd.c,148 :: 		
0x0462	0x1106      	BCF        LCD_D4, BitPos(LCD_D4+0)
;__Lib_Lcd.c,149 :: 		
0x0463	0x1486      	BSF        LCD_EN, BitPos(LCD_EN+0)
;__Lib_Lcd.c,150 :: 		
0x0464	0x2003      	CALL       _Delay_1us
;__Lib_Lcd.c,151 :: 		
0x0465	0x1086      	BCF        LCD_EN, BitPos(LCD_EN+0)
;__Lib_Lcd.c,152 :: 		
0x0466	0x2006      	CALL       _Delay_5500us
;__Lib_Lcd.c,155 :: 		
0x0467	0x1486      	BSF        LCD_EN, BitPos(LCD_EN+0)
;__Lib_Lcd.c,156 :: 		
0x0468	0x2003      	CALL       _Delay_1us
;__Lib_Lcd.c,157 :: 		
0x0469	0x1086      	BCF        LCD_EN, BitPos(LCD_EN+0)
;__Lib_Lcd.c,159 :: 		
0x046A	0x1506      	BSF        LCD_D4, BitPos(LCD_D4+0)
;__Lib_Lcd.c,160 :: 		
0x046B	0x1486      	BSF        LCD_EN, BitPos(LCD_EN+0)
;__Lib_Lcd.c,161 :: 		
0x046C	0x2003      	CALL       _Delay_1us
;__Lib_Lcd.c,162 :: 		
0x046D	0x1086      	BCF        LCD_EN, BitPos(LCD_EN+0)
;__Lib_Lcd.c,163 :: 		
0x046E	0x2006      	CALL       _Delay_5500us
;__Lib_Lcd.c,166 :: 		
0x046F	0x1106      	BCF        LCD_D4, BitPos(LCD_D4+0)
;__Lib_Lcd.c,167 :: 		
0x0470	0x1486      	BSF        LCD_EN, BitPos(LCD_EN+0)
;__Lib_Lcd.c,168 :: 		
0x0471	0x2003      	CALL       _Delay_1us
;__Lib_Lcd.c,169 :: 		
0x0472	0x1086      	BCF        LCD_EN, BitPos(LCD_EN+0)
;__Lib_Lcd.c,171 :: 		
0x0473	0x1686      	BSF        LCD_D7, BitPos(LCD_D7+0)
;__Lib_Lcd.c,172 :: 		
0x0474	0x1606      	BSF        LCD_D6, BitPos(LCD_D6+0)
;__Lib_Lcd.c,173 :: 		
0x0475	0x1586      	BSF        LCD_D5, BitPos(LCD_D5+0)
;__Lib_Lcd.c,174 :: 		
0x0476	0x1506      	BSF        LCD_D4, BitPos(LCD_D4+0)
;__Lib_Lcd.c,175 :: 		
0x0477	0x1486      	BSF        LCD_EN, BitPos(LCD_EN+0)
;__Lib_Lcd.c,176 :: 		
0x0478	0x2003      	CALL       _Delay_1us
;__Lib_Lcd.c,177 :: 		
0x0479	0x1086      	BCF        LCD_EN, BitPos(LCD_EN+0)
;__Lib_Lcd.c,179 :: 		
0x047A	0x2006      	CALL       _Delay_5500us
;__Lib_Lcd.c,181 :: 		
0x047B	0x1451      	BSF        __Lib_Lcd_cmd_status, BitPos(__Lib_Lcd_cmd_status+0)
;__Lib_Lcd.c,182 :: 		
L_end_Lcd_Init:
0x047C	0x0008      	RETURN
; end of _Lcd_Init
_Lcd_Out:
;__Lib_Lcd.c,184 :: 		
;__Lib_Lcd.c,187 :: 		
0x047D	0x2C8F      	GOTO       L_Lcd_Out11
;__Lib_Lcd.c,188 :: 		
L_Lcd_Out13:
0x047E	0x3080      	MOVLW      128
0x047F	0x1283      	BCF        STATUS, 5
0x0480	0x1303      	BCF        STATUS, 6
0x0481	0x00E3      	MOVWF      FARG_Lcd_Out_row
0x0482	0x2CA2      	GOTO       L_Lcd_Out12
;__Lib_Lcd.c,189 :: 		
L_Lcd_Out14:
0x0483	0x30C0      	MOVLW      192
0x0484	0x00E3      	MOVWF      FARG_Lcd_Out_row
0x0485	0x2CA2      	GOTO       L_Lcd_Out12
;__Lib_Lcd.c,190 :: 		
L_Lcd_Out15:
0x0486	0x3094      	MOVLW      148
0x0487	0x00E3      	MOVWF      FARG_Lcd_Out_row
0x0488	0x2CA2      	GOTO       L_Lcd_Out12
;__Lib_Lcd.c,191 :: 		
L_Lcd_Out16:
0x0489	0x30D4      	MOVLW      212
0x048A	0x00E3      	MOVWF      FARG_Lcd_Out_row
0x048B	0x2CA2      	GOTO       L_Lcd_Out12
;__Lib_Lcd.c,192 :: 		
L_Lcd_Out17:
0x048C	0x3080      	MOVLW      128
0x048D	0x00E3      	MOVWF      FARG_Lcd_Out_row
;__Lib_Lcd.c,193 :: 		
0x048E	0x2CA2      	GOTO       L_Lcd_Out12
L_Lcd_Out11:
0x048F	0x1283      	BCF        STATUS, 5
0x0490	0x1303      	BCF        STATUS, 6
0x0491	0x0863      	MOVF       FARG_Lcd_Out_row, 0
0x0492	0x3A01      	XORLW      1
0x0493	0x1903      	BTFSC      STATUS, 2
0x0494	0x2C7E      	GOTO       L_Lcd_Out13
0x0495	0x0863      	MOVF       FARG_Lcd_Out_row, 0
0x0496	0x3A02      	XORLW      2
0x0497	0x1903      	BTFSC      STATUS, 2
0x0498	0x2C83      	GOTO       L_Lcd_Out14
0x0499	0x0863      	MOVF       FARG_Lcd_Out_row, 0
0x049A	0x3A03      	XORLW      3
0x049B	0x1903      	BTFSC      STATUS, 2
0x049C	0x2C86      	GOTO       L_Lcd_Out15
0x049D	0x0863      	MOVF       FARG_Lcd_Out_row, 0
0x049E	0x3A04      	XORLW      4
0x049F	0x1903      	BTFSC      STATUS, 2
0x04A0	0x2C89      	GOTO       L_Lcd_Out16
0x04A1	0x2C8C      	GOTO       L_Lcd_Out17
L_Lcd_Out12:
;__Lib_Lcd.c,194 :: 		
0x04A2	0x0364      	DECF       FARG_Lcd_Out_column, 0
0x04A3	0x00F0      	MOVWF      R0
0x04A4	0x0863      	MOVF       FARG_Lcd_Out_row, 0
0x04A5	0x07F0      	ADDWF      R0, 1
0x04A6	0x0870      	MOVF       R0, 0
0x04A7	0x00E3      	MOVWF      FARG_Lcd_Out_row
;__Lib_Lcd.c,196 :: 		
0x04A8	0x0870      	MOVF       R0, 0
0x04A9	0x1683      	BSF        STATUS, 5
0x04AA	0x00A8      	MOVWF      FARG_Lcd_Cmd_out_char
0x04AB	0x21D2      	CALL       _Lcd_Cmd
;__Lib_Lcd.c,197 :: 		
0x04AC	0x1051      	BCF        __Lib_Lcd_cmd_status, BitPos(__Lib_Lcd_cmd_status+0)
;__Lib_Lcd.c,198 :: 		
0x04AD	0x01E6      	CLRF       Lcd_Out_i_L0
;__Lib_Lcd.c,199 :: 		
L_Lcd_Out18:
0x04AE	0x0866      	MOVF       Lcd_Out_i_L0, 0
0x04AF	0x0765      	ADDWF      FARG_Lcd_Out_text, 0
0x04B0	0x0084      	MOVWF      FSR
0x04B1	0x0800      	MOVF       INDF, 0
0x04B2	0x1903      	BTFSC      STATUS, 2
0x04B3	0x2CBD      	GOTO       L_Lcd_Out19
;__Lib_Lcd.c,200 :: 		
0x04B4	0x0866      	MOVF       Lcd_Out_i_L0, 0
0x04B5	0x0765      	ADDWF      FARG_Lcd_Out_text, 0
0x04B6	0x0084      	MOVWF      FSR
0x04B7	0x0800      	MOVF       INDF, 0
0x04B8	0x1683      	BSF        STATUS, 5
0x04B9	0x00A0      	MOVWF      FARG_Lcd_Chr_CP_out_char
0x04BA	0x2230      	CALL       _Lcd_Chr_CP
0x04BB	0x0AE6      	INCF       Lcd_Out_i_L0, 1
0x04BC	0x2CAE      	GOTO       L_Lcd_Out18
L_Lcd_Out19:
;__Lib_Lcd.c,201 :: 		
0x04BD	0x1451      	BSF        __Lib_Lcd_cmd_status, BitPos(__Lib_Lcd_cmd_status+0)
;__Lib_Lcd.c,202 :: 		
L_end_Lcd_Out:
0x04BE	0x0008      	RETURN
; end of _Lcd_Out
_Keypad_Init:
;__Lib_Keypad4x4.c,34 :: 		
;__Lib_Keypad4x4.c,35 :: 		
0x04BF	0x3080      	MOVLW      128
0x04C0	0x1283      	BCF        STATUS, 5
0x04C1	0x1303      	BCF        STATUS, 6
0x04C2	0x00F0      	MOVWF      R0
0x04C3	0x0870      	MOVF       R0, 0
0x04C4	0x3E08      	ADDLW      keypadPort
0x04C5	0x0084      	MOVWF      FSR
0x04C6	0x30FF      	MOVLW      255
0x04C7	0x0080      	MOVWF      INDF
;__Lib_Keypad4x4.c,36 :: 		
L_end_Keypad_Init:
0x04C8	0x0008      	RETURN
; end of _Keypad_Init
_main:
0x04C9	0x3052      	MOVLW      82
0x04CA	0x1283      	BCF        STATUS, 5
0x04CB	0x1303      	BCF        STATUS, 6
0x04CC	0x00A1      	MOVWF      ?lstr4_Calculator
0x04CD	0x3065      	MOVLW      101
0x04CE	0x00A2      	MOVWF      34
0x04CF	0x3073      	MOVLW      115
0x04D0	0x00A3      	MOVWF      35
0x04D1	0x3075      	MOVLW      117
0x04D2	0x00A4      	MOVWF      36
0x04D3	0x306C      	MOVLW      108
0x04D4	0x00A5      	MOVWF      37
0x04D5	0x3074      	MOVLW      116
0x04D6	0x00A6      	MOVWF      38
0x04D7	0x303D      	MOVLW      61
0x04D8	0x00A7      	MOVWF      39
0x04D9	0x01A8      	CLRF       40
0x04DA	0x304E      	MOVLW      78
0x04DB	0x00A9      	MOVWF      ?lstr2_Calculator
0x04DC	0x3055      	MOVLW      85
0x04DD	0x00AA      	MOVWF      42
0x04DE	0x304D      	MOVLW      77
0x04DF	0x00AB      	MOVWF      43
0x04E0	0x3032      	MOVLW      50
0x04E1	0x00AC      	MOVWF      44
0x04E2	0x303D      	MOVLW      61
0x04E3	0x00AD      	MOVWF      45
0x04E4	0x01AE      	CLRF       46
0x04E5	0x304E      	MOVLW      78
0x04E6	0x00AF      	MOVWF      ?lstr1_Calculator
0x04E7	0x3055      	MOVLW      85
0x04E8	0x00B0      	MOVWF      48
0x04E9	0x304D      	MOVLW      77
0x04EA	0x00B1      	MOVWF      49
0x04EB	0x3031      	MOVLW      49
0x04EC	0x00B2      	MOVWF      50
0x04ED	0x303D      	MOVLW      61
0x04EE	0x00B3      	MOVWF      51
0x04EF	0x01B4      	CLRF       52
0x04F0	0x304F      	MOVLW      79
0x04F1	0x00B5      	MOVWF      ?lstr3_Calculator
0x04F2	0x3050      	MOVLW      80
0x04F3	0x00B6      	MOVWF      54
0x04F4	0x3045      	MOVLW      69
0x04F5	0x00B7      	MOVWF      55
0x04F6	0x3052      	MOVLW      82
0x04F7	0x00B8      	MOVWF      56
0x04F8	0x3041      	MOVLW      65
0x04F9	0x00B9      	MOVWF      57
0x04FA	0x3054      	MOVLW      84
0x04FB	0x00BA      	MOVWF      58
0x04FC	0x3049      	MOVLW      73
0x04FD	0x00BB      	MOVWF      59
0x04FE	0x304F      	MOVLW      79
0x04FF	0x00BC      	MOVWF      60
0x0500	0x304E      	MOVLW      78
0x0501	0x00BD      	MOVWF      61
0x0502	0x303A      	MOVLW      58
0x0503	0x00BE      	MOVWF      62
0x0504	0x01BF      	CLRF       63
;Calculator.c,58 :: 		void main() {
;Calculator.c,60 :: 		Keypad_Init();
0x0505	0x24BF      	CALL       _Keypad_Init
;Calculator.c,61 :: 		Lcd_Init();
0x0506	0x242F      	CALL       _Lcd_Init
;Calculator.c,62 :: 		Lcd_Cmd(_LCD_CLEAR);
0x0507	0x3001      	MOVLW      1
0x0508	0x1683      	BSF        STATUS, 5
0x0509	0x00A8      	MOVWF      FARG_Lcd_Cmd_out_char
0x050A	0x21D2      	CALL       _Lcd_Cmd
;Calculator.c,65 :: 		for(;;){
L_main22:
;Calculator.c,66 :: 		Op1=0; //birinci numara tanimladik
0x050B	0x01C3      	CLRF       _Op1
0x050C	0x01C4      	CLRF       _Op1+1
0x050D	0x01C5      	CLRF       _Op1+2
0x050E	0x01C6      	CLRF       _Op1+3
;Calculator.c,67 :: 		Op2=0; //ikinci numara tanimladik
0x050F	0x01C7      	CLRF       _Op2
0x0510	0x01C8      	CLRF       _Op2+1
0x0511	0x01C9      	CLRF       _Op2+2
0x0512	0x01CA      	CLRF       _Op2+3
;Calculator.c,68 :: 		Lcd_Out(1,1,"NUM1=");
0x0513	0x3001      	MOVLW      1
0x0514	0x00E3      	MOVWF      FARG_Lcd_Out_row
0x0515	0x3001      	MOVLW      1
0x0516	0x00E4      	MOVWF      FARG_Lcd_Out_column
0x0517	0x302F      	MOVLW      ?lstr1_Calculator
0x0518	0x00E5      	MOVWF      FARG_Lcd_Out_text
0x0519	0x247D      	CALL       _Lcd_Out
;Calculator.c,74 :: 		while(1){
L_main25:
;Calculator.c,75 :: 		Get_Key();  //kullanci herhangi bir anahtari bastirsa, anahtarin harfi al
0x051A	0x2389      	CALL       _Get_Key
;Calculator.c,76 :: 		if(kp=='E')break;
0x051B	0x0840      	MOVF       _kp, 0
0x051C	0x3A45      	XORLW      69
0x051D	0x1D03      	BTFSS      STATUS, 2
0x051E	0x2D20      	GOTO       L_main27
0x051F	0x2D50      	GOTO       L_main26
L_main27:
;Calculator.c,77 :: 		Lcd_Chr_Cp(kp);  //aldigimiz harf imlein su andaki yerinde yaziyoruz
0x0520	0x0840      	MOVF       _kp, 0
0x0521	0x1683      	BSF        STATUS, 5
0x0522	0x00A0      	MOVWF      FARG_Lcd_Chr_CP_out_char
0x0523	0x2230      	CALL       _Lcd_Chr_CP
;Calculator.c,78 :: 		Op1=10*Op1+(kp -'0'); //bu hat srekli yazdigimiz hanetleri kaydediyor
0x0524	0x300A      	MOVLW      10
0x0525	0x00F0      	MOVWF      R0
0x0526	0x01F1      	CLRF       R0+1
0x0527	0x01F2      	CLRF       R0+2
0x0528	0x01F3      	CLRF       R0+3
0x0529	0x0843      	MOVF       _Op1, 0
0x052A	0x00F4      	MOVWF      R4
0x052B	0x0844      	MOVF       _Op1+1, 0
0x052C	0x00F5      	MOVWF      R4+1
0x052D	0x0845      	MOVF       _Op1+2, 0
0x052E	0x00F6      	MOVWF      R4+2
0x052F	0x0846      	MOVF       _Op1+3, 0
0x0530	0x00F7      	MOVWF      R4+3
0x0531	0x2352      	CALL       _Mul_32x32_U
0x0532	0x3030      	MOVLW      48
0x0533	0x0240      	SUBWF      _kp, 0
0x0534	0x00F4      	MOVWF      R4
0x0535	0x01F5      	CLRF       R4+1
0x0536	0x1C03      	BTFSS      STATUS, 0
0x0537	0x03F5      	DECF       R4+1, 1
0x0538	0x0874      	MOVF       R4, 0
0x0539	0x00C3      	MOVWF      _Op1
0x053A	0x0875      	MOVF       R4+1, 0
0x053B	0x00C4      	MOVWF      _Op1+1
0x053C	0x3000      	MOVLW      0
0x053D	0x1BC4      	BTFSC      _Op1+1, 7
0x053E	0x30FF      	MOVLW      255
0x053F	0x00C5      	MOVWF      _Op1+2
0x0540	0x00C6      	MOVWF      _Op1+3
0x0541	0x0870      	MOVF       R0, 0
0x0542	0x07C3      	ADDWF      _Op1, 1
0x0543	0x0871      	MOVF       R0+1, 0
0x0544	0x1803      	BTFSC      STATUS, 0
0x0545	0x0F71      	INCFSZ     R0+1, 0
0x0546	0x07C4      	ADDWF      _Op1+1, 1
0x0547	0x0872      	MOVF       R0+2, 0
0x0548	0x1803      	BTFSC      STATUS, 0
0x0549	0x0F72      	INCFSZ     R0+2, 0
0x054A	0x07C5      	ADDWF      _Op1+2, 1
0x054B	0x0873      	MOVF       R0+3, 0
0x054C	0x1803      	BTFSC      STATUS, 0
0x054D	0x0F73      	INCFSZ     R0+3, 0
0x054E	0x07C6      	ADDWF      _Op1+3, 1
;Calculator.c,81 :: 		}
0x054F	0x2D1A      	GOTO       L_main25
L_main26:
;Calculator.c,87 :: 		Lcd_Out(2,1,"NUM2=");
0x0550	0x3002      	MOVLW      2
0x0551	0x00E3      	MOVWF      FARG_Lcd_Out_row
0x0552	0x3001      	MOVLW      1
0x0553	0x00E4      	MOVWF      FARG_Lcd_Out_column
0x0554	0x3029      	MOVLW      ?lstr2_Calculator
0x0555	0x00E5      	MOVWF      FARG_Lcd_Out_text
0x0556	0x247D      	CALL       _Lcd_Out
;Calculator.c,88 :: 		while(1){
L_main28:
;Calculator.c,89 :: 		Get_Key();
0x0557	0x2389      	CALL       _Get_Key
;Calculator.c,90 :: 		if(kp=='E')break;
0x0558	0x0840      	MOVF       _kp, 0
0x0559	0x3A45      	XORLW      69
0x055A	0x1D03      	BTFSS      STATUS, 2
0x055B	0x2D5D      	GOTO       L_main30
0x055C	0x2D8D      	GOTO       L_main29
L_main30:
;Calculator.c,91 :: 		Lcd_Chr_Cp(kp);
0x055D	0x0840      	MOVF       _kp, 0
0x055E	0x1683      	BSF        STATUS, 5
0x055F	0x00A0      	MOVWF      FARG_Lcd_Chr_CP_out_char
0x0560	0x2230      	CALL       _Lcd_Chr_CP
;Calculator.c,92 :: 		Op2=10*Op2+(kp -'0');
0x0561	0x300A      	MOVLW      10
0x0562	0x00F0      	MOVWF      R0
0x0563	0x01F1      	CLRF       R0+1
0x0564	0x01F2      	CLRF       R0+2
0x0565	0x01F3      	CLRF       R0+3
0x0566	0x0847      	MOVF       _Op2, 0
0x0567	0x00F4      	MOVWF      R4
0x0568	0x0848      	MOVF       _Op2+1, 0
0x0569	0x00F5      	MOVWF      R4+1
0x056A	0x0849      	MOVF       _Op2+2, 0
0x056B	0x00F6      	MOVWF      R4+2
0x056C	0x084A      	MOVF       _Op2+3, 0
0x056D	0x00F7      	MOVWF      R4+3
0x056E	0x2352      	CALL       _Mul_32x32_U
0x056F	0x3030      	MOVLW      48
0x0570	0x0240      	SUBWF      _kp, 0
0x0571	0x00F4      	MOVWF      R4
0x0572	0x01F5      	CLRF       R4+1
0x0573	0x1C03      	BTFSS      STATUS, 0
0x0574	0x03F5      	DECF       R4+1, 1
0x0575	0x0874      	MOVF       R4, 0
0x0576	0x00C7      	MOVWF      _Op2
0x0577	0x0875      	MOVF       R4+1, 0
0x0578	0x00C8      	MOVWF      _Op2+1
0x0579	0x3000      	MOVLW      0
0x057A	0x1BC8      	BTFSC      _Op2+1, 7
0x057B	0x30FF      	MOVLW      255
0x057C	0x00C9      	MOVWF      _Op2+2
0x057D	0x00CA      	MOVWF      _Op2+3
0x057E	0x0870      	MOVF       R0, 0
0x057F	0x07C7      	ADDWF      _Op2, 1
0x0580	0x0871      	MOVF       R0+1, 0
0x0581	0x1803      	BTFSC      STATUS, 0
0x0582	0x0F71      	INCFSZ     R0+1, 0
0x0583	0x07C8      	ADDWF      _Op2+1, 1
0x0584	0x0872      	MOVF       R0+2, 0
0x0585	0x1803      	BTFSC      STATUS, 0
0x0586	0x0F72      	INCFSZ     R0+2, 0
0x0587	0x07C9      	ADDWF      _Op2+2, 1
0x0588	0x0873      	MOVF       R0+3, 0
0x0589	0x1803      	BTFSC      STATUS, 0
0x058A	0x0F73      	INCFSZ     R0+3, 0
0x058B	0x07CA      	ADDWF      _Op2+3, 1
;Calculator.c,94 :: 		}
0x058C	0x2D57      	GOTO       L_main28
L_main29:
;Calculator.c,98 :: 		Lcd_Cmd(_LCD_CLEAR);
0x058D	0x3001      	MOVLW      1
0x058E	0x1683      	BSF        STATUS, 5
0x058F	0x00A8      	MOVWF      FARG_Lcd_Cmd_out_char
0x0590	0x21D2      	CALL       _Lcd_Cmd
;Calculator.c,99 :: 		Lcd_Out(1,1,"OPERATION:");
0x0591	0x3001      	MOVLW      1
0x0592	0x00E3      	MOVWF      FARG_Lcd_Out_row
0x0593	0x3001      	MOVLW      1
0x0594	0x00E4      	MOVWF      FARG_Lcd_Out_column
0x0595	0x3035      	MOVLW      ?lstr3_Calculator
0x0596	0x00E5      	MOVWF      FARG_Lcd_Out_text
0x0597	0x247D      	CALL       _Lcd_Out
;Calculator.c,100 :: 		Get_Key();
0x0598	0x2389      	CALL       _Get_Key
;Calculator.c,101 :: 		switch(kp){
0x0599	0x2E04      	GOTO       L_main31
;Calculator.c,102 :: 		case '+': Calc =Op1 + Op2; break;  //ve kullancinin istedigi islem gore iki sayimizin arasinda hesaplama yapiyoruz
L_main33:
0x059A	0x0843      	MOVF       _Op1, 0
0x059B	0x00DF      	MOVWF      _Calc
0x059C	0x0844      	MOVF       _Op1+1, 0
0x059D	0x00E0      	MOVWF      _Calc+1
0x059E	0x0845      	MOVF       _Op1+2, 0
0x059F	0x00E1      	MOVWF      _Calc+2
0x05A0	0x0846      	MOVF       _Op1+3, 0
0x05A1	0x00E2      	MOVWF      _Calc+3
0x05A2	0x0847      	MOVF       _Op2, 0
0x05A3	0x07DF      	ADDWF      _Calc, 1
0x05A4	0x0848      	MOVF       _Op2+1, 0
0x05A5	0x1803      	BTFSC      STATUS, 0
0x05A6	0x0F48      	INCFSZ     _Op2+1, 0
0x05A7	0x07E0      	ADDWF      _Calc+1, 1
0x05A8	0x0849      	MOVF       _Op2+2, 0
0x05A9	0x1803      	BTFSC      STATUS, 0
0x05AA	0x0F49      	INCFSZ     _Op2+2, 0
0x05AB	0x07E1      	ADDWF      _Calc+2, 1
0x05AC	0x084A      	MOVF       _Op2+3, 0
0x05AD	0x1803      	BTFSC      STATUS, 0
0x05AE	0x0F4A      	INCFSZ     _Op2+3, 0
0x05AF	0x07E2      	ADDWF      _Calc+3, 1
0x05B0	0x2E14      	GOTO       L_main32
;Calculator.c,103 :: 		case '-': Calc =Op1 - Op2; break;  //islemin sonucu Calc icinde kaydediyoruz
L_main34:
0x05B1	0x0847      	MOVF       _Op2, 0
0x05B2	0x00F0      	MOVWF      R0
0x05B3	0x0848      	MOVF       _Op2+1, 0
0x05B4	0x00F1      	MOVWF      R0+1
0x05B5	0x0849      	MOVF       _Op2+2, 0
0x05B6	0x00F2      	MOVWF      R0+2
0x05B7	0x084A      	MOVF       _Op2+3, 0
0x05B8	0x00F3      	MOVWF      R0+3
0x05B9	0x0843      	MOVF       _Op1, 0
0x05BA	0x00DF      	MOVWF      _Calc
0x05BB	0x0844      	MOVF       _Op1+1, 0
0x05BC	0x00E0      	MOVWF      _Calc+1
0x05BD	0x0845      	MOVF       _Op1+2, 0
0x05BE	0x00E1      	MOVWF      _Calc+2
0x05BF	0x0846      	MOVF       _Op1+3, 0
0x05C0	0x00E2      	MOVWF      _Calc+3
0x05C1	0x0870      	MOVF       R0, 0
0x05C2	0x02DF      	SUBWF      _Calc, 1
0x05C3	0x0871      	MOVF       R0+1, 0
0x05C4	0x1C03      	BTFSS      STATUS, 0
0x05C5	0x0F71      	INCFSZ     R0+1, 0
0x05C6	0x02E0      	SUBWF      _Calc+1, 1
0x05C7	0x0872      	MOVF       R0+2, 0
0x05C8	0x1C03      	BTFSS      STATUS, 0
0x05C9	0x0F72      	INCFSZ     R0+2, 0
0x05CA	0x02E1      	SUBWF      _Calc+2, 1
0x05CB	0x0873      	MOVF       R0+3, 0
0x05CC	0x1C03      	BTFSS      STATUS, 0
0x05CD	0x0F73      	INCFSZ     R0+3, 0
0x05CE	0x02E2      	SUBWF      _Calc+3, 1
0x05CF	0x2E14      	GOTO       L_main32
;Calculator.c,104 :: 		case '*': Calc =Op1 * Op2; break;
L_main35:
0x05D0	0x0843      	MOVF       _Op1, 0
0x05D1	0x00F0      	MOVWF      R0
0x05D2	0x0844      	MOVF       _Op1+1, 0
0x05D3	0x00F1      	MOVWF      R0+1
0x05D4	0x0845      	MOVF       _Op1+2, 0
0x05D5	0x00F2      	MOVWF      R0+2
0x05D6	0x0846      	MOVF       _Op1+3, 0
0x05D7	0x00F3      	MOVWF      R0+3
0x05D8	0x0847      	MOVF       _Op2, 0
0x05D9	0x00F4      	MOVWF      R4
0x05DA	0x0848      	MOVF       _Op2+1, 0
0x05DB	0x00F5      	MOVWF      R4+1
0x05DC	0x0849      	MOVF       _Op2+2, 0
0x05DD	0x00F6      	MOVWF      R4+2
0x05DE	0x084A      	MOVF       _Op2+3, 0
0x05DF	0x00F7      	MOVWF      R4+3
0x05E0	0x2352      	CALL       _Mul_32x32_U
0x05E1	0x0870      	MOVF       R0, 0
0x05E2	0x00DF      	MOVWF      _Calc
0x05E3	0x0871      	MOVF       R0+1, 0
0x05E4	0x00E0      	MOVWF      _Calc+1
0x05E5	0x0872      	MOVF       R0+2, 0
0x05E6	0x00E1      	MOVWF      _Calc+2
0x05E7	0x0873      	MOVF       R0+3, 0
0x05E8	0x00E2      	MOVWF      _Calc+3
0x05E9	0x2E14      	GOTO       L_main32
;Calculator.c,105 :: 		case '/': Calc =Op1 / Op2; break;
L_main36:
0x05EA	0x0847      	MOVF       _Op2, 0
0x05EB	0x00F4      	MOVWF      R4
0x05EC	0x0848      	MOVF       _Op2+1, 0
0x05ED	0x00F5      	MOVWF      R4+1
0x05EE	0x0849      	MOVF       _Op2+2, 0
0x05EF	0x00F6      	MOVWF      R4+2
0x05F0	0x084A      	MOVF       _Op2+3, 0
0x05F1	0x00F7      	MOVWF      R4+3
0x05F2	0x0843      	MOVF       _Op1, 0
0x05F3	0x00F0      	MOVWF      R0
0x05F4	0x0844      	MOVF       _Op1+1, 0
0x05F5	0x00F1      	MOVWF      R0+1
0x05F6	0x0845      	MOVF       _Op1+2, 0
0x05F7	0x00F2      	MOVWF      R0+2
0x05F8	0x0846      	MOVF       _Op1+3, 0
0x05F9	0x00F3      	MOVWF      R0+3
0x05FA	0x2022      	CALL       _Div_32x32_U
0x05FB	0x0870      	MOVF       R0, 0
0x05FC	0x00DF      	MOVWF      _Calc
0x05FD	0x0871      	MOVF       R0+1, 0
0x05FE	0x00E0      	MOVWF      _Calc+1
0x05FF	0x0872      	MOVF       R0+2, 0
0x0600	0x00E1      	MOVWF      _Calc+2
0x0601	0x0873      	MOVF       R0+3, 0
0x0602	0x00E2      	MOVWF      _Calc+3
0x0603	0x2E14      	GOTO       L_main32
;Calculator.c,107 :: 		}
L_main31:
0x0604	0x0840      	MOVF       _kp, 0
0x0605	0x3A2B      	XORLW      43
0x0606	0x1903      	BTFSC      STATUS, 2
0x0607	0x2D9A      	GOTO       L_main33
0x0608	0x0840      	MOVF       _kp, 0
0x0609	0x3A2D      	XORLW      45
0x060A	0x1903      	BTFSC      STATUS, 2
0x060B	0x2DB1      	GOTO       L_main34
0x060C	0x0840      	MOVF       _kp, 0
0x060D	0x3A2A      	XORLW      42
0x060E	0x1903      	BTFSC      STATUS, 2
0x060F	0x2DD0      	GOTO       L_main35
0x0610	0x0840      	MOVF       _kp, 0
0x0611	0x3A2F      	XORLW      47
0x0612	0x1903      	BTFSC      STATUS, 2
0x0613	0x2DEA      	GOTO       L_main36
L_main32:
;Calculator.c,114 :: 		LongToStr(Calc,Op);   //Op bizim string array output olarak(farkettisen Op yazmadik yukarda cunku LongToStr function den cikiyor zaten)
0x0614	0x085F      	MOVF       _Calc, 0
0x0615	0x00E3      	MOVWF      FARG_LongToStr_input
0x0616	0x0860      	MOVF       _Calc+1, 0
0x0617	0x00E4      	MOVWF      FARG_LongToStr_input+1
0x0618	0x0861      	MOVF       _Calc+2, 0
0x0619	0x00E5      	MOVWF      FARG_LongToStr_input+2
0x061A	0x0862      	MOVF       _Calc+3, 0
0x061B	0x00E6      	MOVWF      FARG_LongToStr_input+3
0x061C	0x3053      	MOVLW      _op
0x061D	0x00E7      	MOVWF      FARG_LongToStr_output
0x061E	0x22B4      	CALL       _LongToStr
;Calculator.c,115 :: 		j=0;
0x061F	0x01D2      	CLRF       _j
;Calculator.c,116 :: 		for(i=0;i<=11;i++)
0x0620	0x01D0      	CLRF       _i
L_main37:
0x0621	0x0850      	MOVF       _i, 0
0x0622	0x3C0B      	SUBLW      11
0x0623	0x1C03      	BTFSS      STATUS, 0
0x0624	0x2E3B      	GOTO       L_main38
;Calculator.c,119 :: 		if(Op[i]!=' ') //Op array den bazi bos haneleri var onlari silmek istiyoruz ve "lcd" arrayin icinde hersey kaydediyoruz
0x0625	0x0850      	MOVF       _i, 0
0x0626	0x3E53      	ADDLW      _op
0x0627	0x0084      	MOVWF      FSR
0x0628	0x0800      	MOVF       INDF, 0
0x0629	0x3A20      	XORLW      32
0x062A	0x1903      	BTFSC      STATUS, 2
0x062B	0x2E39      	GOTO       L_main40
;Calculator.c,122 :: 		lcd[j]=Op[i];
0x062C	0x0852      	MOVF       _j, 0
0x062D	0x3E4B      	ADDLW      _lcd
0x062E	0x00F1      	MOVWF      R1
0x062F	0x0850      	MOVF       _i, 0
0x0630	0x3E53      	ADDLW      _op
0x0631	0x0084      	MOVWF      FSR
0x0632	0x0800      	MOVF       INDF, 0
0x0633	0x00F0      	MOVWF      R0
0x0634	0x0871      	MOVF       R1, 0
0x0635	0x0084      	MOVWF      FSR
0x0636	0x0870      	MOVF       R0, 0
0x0637	0x0080      	MOVWF      INDF
;Calculator.c,123 :: 		j++;
0x0638	0x0AD2      	INCF       _j, 1
;Calculator.c,125 :: 		}
L_main40:
;Calculator.c,116 :: 		for(i=0;i<=11;i++)
0x0639	0x0AD0      	INCF       _i, 1
;Calculator.c,127 :: 		}
0x063A	0x2E21      	GOTO       L_main37
L_main38:
;Calculator.c,130 :: 		Lcd_Cmd(_LCD_CLEAR);
0x063B	0x3001      	MOVLW      1
0x063C	0x1683      	BSF        STATUS, 5
0x063D	0x00A8      	MOVWF      FARG_Lcd_Cmd_out_char
0x063E	0x21D2      	CALL       _Lcd_Cmd
;Calculator.c,131 :: 		Lcd_Out(1,1,"Result=");
0x063F	0x3001      	MOVLW      1
0x0640	0x00E3      	MOVWF      FARG_Lcd_Out_row
0x0641	0x3001      	MOVLW      1
0x0642	0x00E4      	MOVWF      FARG_Lcd_Out_column
0x0643	0x3021      	MOVLW      ?lstr4_Calculator
0x0644	0x00E5      	MOVWF      FARG_Lcd_Out_text
0x0645	0x247D      	CALL       _Lcd_Out
;Calculator.c,132 :: 		Lcd_Out_Cp(lcd);//(lcd icinde matematik sonucu kaydedildi)
0x0646	0x304B      	MOVLW      _lcd
0x0647	0x00E3      	MOVWF      FARG_Lcd_Out_CP_text
0x0648	0x2410      	CALL       _Lcd_Out_CP
;Calculator.c,133 :: 		delay_ms(3000);
0x0649	0x301F      	MOVLW      31
0x064A	0x00FB      	MOVWF      R11
0x064B	0x3071      	MOVLW      113
0x064C	0x00FC      	MOVWF      R12
0x064D	0x301E      	MOVLW      30
0x064E	0x00FD      	MOVWF      R13
L_main41:
0x064F	0x0BFD      	DECFSZ     R13, 1
0x0650	0x2E4F      	GOTO       L_main41
0x0651	0x0BFC      	DECFSZ     R12, 1
0x0652	0x2E4F      	GOTO       L_main41
0x0653	0x0BFB      	DECFSZ     R11, 1
0x0654	0x2E4F      	GOTO       L_main41
0x0655	0x0000      	NOP
;Calculator.c,134 :: 		Lcd_Cmd(_LCD_CLEAR);
0x0656	0x3001      	MOVLW      1
0x0657	0x1683      	BSF        STATUS, 5
0x0658	0x00A8      	MOVWF      FARG_Lcd_Cmd_out_char
0x0659	0x21D2      	CALL       _Lcd_Cmd
;Calculator.c,136 :: 		}
0x065A	0x2D0B      	GOTO       L_main22
;Calculator.c,138 :: 		}
L_end_main:
0x065B	0x2E5B      	GOTO       $+0
; end of _main
Symbol List:
//** Routines locations **
//ADDRESS    SIZE    PROCEDURE
//----------------------------------------------
0x0003       [3]    _Delay_1us
0x0006      [13]    _Delay_5500us
0x0013       [7]    _Delay_50us
0x001A       [8]    _Delay_10us
0x0022     [376]    _Div_32x32_U
0x019A      [56]    _Keypad_Key_Press
0x01D2      [87]    _Lcd_Cmd
0x0229       [7]    _____DoICP
0x0230       [9]    _Lcd_Chr_CP
0x0239     [108]    _LongWordToStr
0x02A5      [15]    _Keypad_Key_Click
0x02B4     [158]    _LongToStr
0x0352      [55]    _Mul_32x32_U
0x0389     [135]    _Get_Key
0x0410      [19]    _Lcd_Out_CP
0x0423      [12]    ___CC2DW
0x042F      [78]    _Lcd_Init
0x047D      [66]    _Lcd_Out
0x04BF      [10]    _Keypad_Init
0x04C9     [403]    _main
//** Variables locations ** 
//ADDRESS    SIZE    VARIABLE
//----------------------------------------------
0x0000       [1]    INDF
0x0002       [1]    PCL
0x0003       [1]    STATUS
0x0004       [1]    FSR
0x0006       [0]    RB0_bit
0x0006       [0]    LCD_D5
0x0006       [0]    RB2_bit
0x0006       [0]    RB1_bit
0x0006       [0]    LCD_RS
0x0006       [0]    LCD_D4
0x0006       [0]    LCD_EN
0x0006       [0]    LCD_D6
0x0006       [0]    LCD_D7
0x0006       [0]    RB4_bit
0x0006       [0]    RB3_bit
0x0006       [0]    RB5_bit
0x0008       [1]    PORTD
0x0008       [1]    keypadPort
0x000A       [1]    PCLATH
0x0020       [1]    ___math_tempb
0x0021       [8]    ?lstr4_Calculator
0x0029       [6]    ?lstr2_Calculator
0x002F       [6]    ?lstr1_Calculator
0x0035      [11]    ?lstr3_Calculator
0x0040       [1]    _kp
0x0041       [2]    ___DoICPAddr
0x0043       [4]    _Op1
0x0047       [4]    _Op2
0x004B       [5]    _lcd
0x0050       [1]    _i
0x0051       [0]    __Lib_Lcd_cmd_status
0x0052       [1]    _j
0x0053      [12]    _op
0x005F       [4]    _Calc
0x0063       [4]    FARG_LongToStr_input
0x0063       [1]    FARG_Lcd_Out_row
0x0063       [1]    FARG_Lcd_Out_CP_text
0x0064       [1]    FARG_Lcd_Out_column
0x0064       [1]    Lcd_Out_CP_i_L0
0x0065       [1]    FARG_Lcd_Out_text
0x0066       [1]    Lcd_Out_i_L0
0x0067       [1]    FARG_LongToStr_output
0x0068       [2]    LongToStr_i_L0
0x006A       [2]    LongToStr_negative_L0
0x006C       [4]    LongToStr_inword_L0
0x0070       [1]    R0
0x0071       [1]    R1
0x0072       [1]    R2
0x0073       [1]    R3
0x0074       [1]    R4
0x0075       [1]    R5
0x0076       [1]    R6
0x0077       [1]    R7
0x0078       [1]    R8
0x0079       [1]    R9
0x007A       [1]    R10
0x007B       [1]    R11
0x007C       [1]    R12
0x007D       [1]    R13
0x007E       [1]    R14
0x007F       [1]    R15
0x0086       [0]    LCD_D6_Direction
0x0086       [0]    LCD_D5_Direction
0x0086       [0]    LCD_D4_Direction
0x0086       [0]    LCD_RS_Direction
0x0086       [0]    LCD_D7_Direction
0x0086       [0]    LCD_EN_Direction
0x0086       [0]    TRISB3_bit
0x0086       [0]    TRISB4_bit
0x0086       [0]    TRISB5_bit
0x0086       [0]    TRISB0_bit
0x0086       [0]    TRISB1_bit
0x0086       [0]    TRISB2_bit
0x00A0       [1]    Keypad_Key_Click_rslt_L0
0x00A0       [1]    FARG_Lcd_Chr_CP_out_char
0x00A0       [4]    FARG_LongWordToStr_input
0x00A4       [1]    FARG_LongWordToStr_output
0x00A5       [2]    LongWordToStr_len_L0
0x00A7       [1]    FLOC__LongWordToStr
0x00A8       [1]    FARG_Lcd_Cmd_out_char
0x00A8       [1]    Keypad_Key_Press_rslt_L0
0x00A9       [1]    Keypad_Key_Press_kdata_L0
0x00AA       [1]    Keypad_Key_Press_loc_L0
0x00AB       [1]    Keypad_Key_Press_rowcnt_L0
0x00AC       [1]    Keypad_Key_Press_shifter_L0
